2021-11-04 17:10:31,400 - instabot version: 0.117.0 (bot) - INFO - Instabot version: 0.117.0 Started
2021-11-04 17:10:31,401 - instabot version: 0.117.0 (bot) - DEBUG - Bot imported from /Library/Frameworks/Python.framework/Versions/3.10/lib/python3.10/site-packages/instabot/bot/bot.py
2021-11-04 17:10:31,402 - instabot version: 0.117.0 (api_login) - INFO - Not yet logged in starting: PRE-LOGIN FLOW!
2021-11-04 17:10:31,782 - instabot version: 0.117.0 (api) - DEBUG - POST to endpoint: accounts/get_prefill_candidates/ returned response: <Response [200]>
2021-11-04 17:10:32,287 - instabot version: 0.117.0 (api) - DEBUG - POST to endpoint: qe/sync/ returned response: <Response [200]>
2021-11-04 17:10:32,650 - instabot version: 0.117.0 (api) - DEBUG - POST to endpoint: launcher/sync/ returned response: <Response [200]>
2021-11-04 17:10:33,018 - instabot version: 0.117.0 (api) - DEBUG - POST to endpoint: accounts/contact_point_prefill/ returned response: <Response [200]>
2021-11-04 17:10:34,744 - instabot version: 0.117.0 (api) - DEBUG - POST to endpoint: accounts/login/ returned response: <Response [200]>
2021-11-04 17:10:34,744 - instabot version: 0.117.0 (api) - INFO - Logged-in successfully as 'never_gonnagive'!
2021-11-04 17:10:34,744 - instabot version: 0.117.0 (api_login) - INFO - LOGIN FLOW! Just logged-in: True
2021-11-04 17:10:35,111 - instabot version: 0.117.0 (api) - DEBUG - POST to endpoint: qe/sync/ returned response: <Response [200]>
2021-11-04 17:10:35,489 - instabot version: 0.117.0 (api) - DEBUG - POST to endpoint: launcher/sync/ returned response: <Response [200]>
2021-11-04 17:10:35,822 - instabot version: 0.117.0 (api) - DEBUG - GET to endpoint: zr/token/result/?device_id=android-f3b834f4e29269d3&token_hash=&custom_device_id=android-f3b834f4e29269d3&fetch_reason=token_expired returned response: <Response [200]>
2021-11-04 17:10:36,168 - instabot version: 0.117.0 (api) - DEBUG - GET to endpoint: multiple_accounts/get_account_family/ returned response: <Response [200]>
2021-11-04 17:10:36,516 - instabot version: 0.117.0 (api) - DEBUG - POST to endpoint: qe/sync/ returned response: <Response [200]>
2021-11-04 17:10:37,361 - instabot version: 0.117.0 (api) - DEBUG - GET to endpoint: igtv/browse_feed/?prefetch=1 returned response: <Response [200]>
2021-11-04 17:10:37,694 - instabot version: 0.117.0 (api) - DEBUG - POST to endpoint: creatives/ar_class/ returned response: <Response [200]>
2021-11-04 17:10:38,293 - instabot version: 0.117.0 (api) - DEBUG - POST to endpoint: feed/reels_tray/ returned response: <Response [200]>
2021-11-04 17:10:39,915 - instabot version: 0.117.0 (api) - DEBUG - POST to endpoint: feed/timeline/ returned response: <Response [200]>
2021-11-04 17:10:40,248 - instabot version: 0.117.0 (api) - DEBUG - GET to endpoint: media/blocked/ returned response: <Response [200]>
2021-11-04 17:11:16,414 - instabot version: 0.117.0 (api) - DEBUG - GET to endpoint: news/inbox/ returned response: <Response [200]>
2021-11-04 17:11:16,833 - instabot version: 0.117.0 (api) - DEBUG - GET to endpoint: loom/fetch_config/ returned response: <Response [200]>
2021-11-04 17:11:17,346 - instabot version: 0.117.0 (api) - DEBUG - GET to endpoint: scores/bootstrap/users/?surfaces=["autocomplete_user_list","coefficient_besties_list_ranking","coefficient_rank_recipient_user_suggestion","coefficient_ios_section_test_bootstrap_ranking","coefficient_direct_recipients_ranking_variant_2"] returned response: <Response [200]>
2021-11-04 17:11:17,769 - instabot version: 0.117.0 (api) - DEBUG - GET to endpoint: business/eligibility/get_monetization_products_eligibility_data/?product_types=branded_content returned response: <Response [200]>
2021-11-04 17:11:18,113 - instabot version: 0.117.0 (api) - DEBUG - GET to endpoint: business/branded_content/should_require_professional_account/ returned response: <Response [200]>
2021-11-04 17:11:18,469 - instabot version: 0.117.0 (api) - DEBUG - GET to endpoint: linked_accounts/get_linkage_status/ returned response: <Response [200]>
2021-11-04 17:11:18,808 - instabot version: 0.117.0 (api) - DEBUG - GET to endpoint: locations/request_country/ returned response: <Response [200]>
2021-11-04 17:11:19,193 - instabot version: 0.117.0 (api) - DEBUG - GET to endpoint: qp/get_cooldowns/?signed_body=signed_body=4b9c516a5410a3bc128e09c6104a7f042146b9c2023870560c63a43a7f66781c.4&ig_sig_key_version=4&ig_sig_key_version=4 returned response: <Response [200]>
2021-11-04 17:11:19,543 - instabot version: 0.117.0 (api) - DEBUG - GET to endpoint: users/arlink_download_info/?version_override=2.2.1 returned response: <Response [200]>
2021-11-04 17:11:20,742 - instabot version: 0.117.0 (api) - DEBUG - GET to endpoint: users/44906261598/info/ returned response: <Response [200]>
2021-11-04 17:11:21,553 - instabot version: 0.117.0 (api) - DEBUG - GET to endpoint: direct_v2/get_presence/ returned response: <Response [200]>
2021-11-04 17:11:22,342 - instabot version: 0.117.0 (api) - DEBUG - GET to endpoint: direct_v2/inbox/?visual_message_return_type=unseen&thread_message_limit=10&persistentBadging=true&limit=20 returned response: <Response [200]>
2021-11-04 17:11:22,753 - instabot version: 0.117.0 (api) - DEBUG - GET to endpoint: direct_v2/inbox/?visual_message_return_type=unseen&persistentBadging=true&limit=0 returned response: <Response [200]>
2021-11-04 17:11:23,135 - instabot version: 0.117.0 (api) - DEBUG - GET to endpoint: discover/topical_explore/?is_prefetch=true&omit_cover_media=true&use_sectional_payload=true&timezone_offset=0&session_id=96e81547-4db7-4712-bfa2-d2740cd0251f&include_fixed_destinations=true returned response: <Response [200]>
2021-11-04 17:11:23,588 - instabot version: 0.117.0 (api) - DEBUG - POST to endpoint: notifications/badge/ returned response: <Response [200]>
2021-11-04 17:11:24,206 - instabot version: 0.117.0 (api) - DEBUG - POST to endpoint: qp/batch_fetch/ returned response: <Response [200]>
2021-11-04 17:11:24,208 - instabot version: 0.117.0 (bot_checkpoint) - DEBUG - Loading Checkpoint file from: /Users/siddheshzantye/Desktop/Coding/Python/Reddit_Meme-Insta_Automator/config/never_gonnagive.checkpoint
2021-11-04 17:11:29,065 - instabot version: 0.117.0 (api_photo) - ERROR - Photo Upload failed with the following response: <Response [400]>
2021-11-04 17:11:29,066 - instabot version: 0.117.0 (bot_photo) - INFO - Photo 'image.gif' is not uploaded.
2021-11-04 17:11:35,124 - instabot version: 0.117.0 (api_photo) - ERROR - Photo Upload failed with the following response: <Response [400]>
2021-11-04 17:11:35,125 - instabot version: 0.117.0 (bot_photo) - INFO - Photo 'image.gif' is not uploaded.
2021-11-04 17:11:38,475 - instabot version: 0.117.0 (api_photo) - ERROR - Photo does not have a compatible photo aspect ratio.
2021-11-04 17:11:38,475 - instabot version: 0.117.0 (bot_photo) - INFO - Photo 'image.jpg' is not uploaded.
2021-11-04 17:12:00,966 - instabot version: 0.117.0 (api) - DEBUG - POST to endpoint: media/configure/? returned response: <Response [200]>
2021-11-04 17:12:01,365 - instabot version: 0.117.0 (api) - DEBUG - POST to endpoint: qe/expose/ returned response: <Response [200]>
2021-11-04 17:12:01,370 - instabot version: 0.117.0 (bot_photo) - INFO - Photo 'image.jpg' is uploaded.
2021-11-04 17:12:06,697 - instabot version: 0.117.0 (api_photo) - ERROR - Photo Upload failed with the following response: <Response [400]>
2021-11-04 17:12:06,699 - instabot version: 0.117.0 (bot_photo) - INFO - Photo 'image.gif' is not uploaded.
2021-11-04 17:12:20,567 - instabot version: 0.117.0 (api_photo) - ERROR - Photo Upload failed with the following response: <Response [400]>
2021-11-04 17:12:20,568 - instabot version: 0.117.0 (bot_photo) - INFO - Photo 'image.png' is not uploaded.
2021-11-04 17:12:22,813 - instabot version: 0.117.0 (api_photo) - ERROR - Photo does not have a compatible photo aspect ratio.
2021-11-04 17:12:22,814 - instabot version: 0.117.0 (bot_photo) - INFO - Photo 'image.jpg' is not uploaded.
2021-11-04 17:12:31,334 - instabot version: 0.117.0 (api_photo) - ERROR - Photo Upload failed with the following response: <Response [400]>
2021-11-04 17:12:31,336 - instabot version: 0.117.0 (bot_photo) - INFO - Photo 'image.gif' is not uploaded.
2021-11-04 17:12:36,282 - instabot version: 0.117.0 (api_photo) - ERROR - Photo Upload failed with the following response: <Response [400]>
2021-11-04 17:12:36,283 - instabot version: 0.117.0 (bot_photo) - INFO - Photo 'image.gif' is not uploaded.
2021-11-04 17:12:40,948 - instabot version: 0.117.0 (api_photo) - ERROR - Photo Upload failed with the following response: <Response [400]>
2021-11-04 17:12:40,949 - instabot version: 0.117.0 (bot_photo) - INFO - Photo 'image.gif' is not uploaded.
2021-11-04 17:13:03,937 - instabot version: 0.117.0 (api) - DEBUG - POST to endpoint: media/configure/? returned response: <Response [200]>
2021-11-04 17:13:04,294 - instabot version: 0.117.0 (api) - DEBUG - POST to endpoint: qe/expose/ returned response: <Response [200]>
2021-11-04 17:13:04,297 - instabot version: 0.117.0 (bot_photo) - INFO - Photo 'image.jpg' is uploaded.
2021-11-04 17:13:06,111 - instabot version: 0.117.0 (api_photo) - ERROR - Photo does not have a compatible photo aspect ratio.
2021-11-04 17:13:06,111 - instabot version: 0.117.0 (bot_photo) - INFO - Photo 'image.png' is not uploaded.
2021-11-04 17:13:11,193 - instabot version: 0.117.0 (api_photo) - ERROR - Photo Upload failed with the following response: <Response [400]>
2021-11-04 17:13:11,194 - instabot version: 0.117.0 (bot_photo) - INFO - Photo 'image.gif' is not uploaded.
2021-11-04 17:13:34,356 - instabot version: 0.117.0 (api) - DEBUG - POST to endpoint: media/configure/? returned response: <Response [200]>
2021-11-04 17:13:34,715 - instabot version: 0.117.0 (api) - DEBUG - POST to endpoint: qe/expose/ returned response: <Response [200]>
2021-11-04 17:13:34,717 - instabot version: 0.117.0 (bot_photo) - INFO - Photo 'image.jpg' is uploaded.
2021-11-04 17:14:10,917 - instabot version: 0.117.0 (api) - DEBUG - POST to endpoint: media/configure/? returned response: <Response [200]>
2021-11-04 17:14:11,252 - instabot version: 0.117.0 (api) - DEBUG - POST to endpoint: qe/expose/ returned response: <Response [200]>
2021-11-04 17:14:11,253 - instabot version: 0.117.0 (bot_photo) - INFO - Photo 'image.jpg' is uploaded.
2021-11-04 17:14:35,254 - instabot version: 0.117.0 (api) - DEBUG - POST to endpoint: media/configure/? returned response: <Response [200]>
2021-11-04 17:14:35,696 - instabot version: 0.117.0 (api) - DEBUG - POST to endpoint: qe/expose/ returned response: <Response [200]>
2021-11-04 17:14:35,698 - instabot version: 0.117.0 (bot_photo) - INFO - Photo 'image.jpg' is uploaded.
2021-11-04 17:14:59,958 - instabot version: 0.117.0 (api) - DEBUG - POST to endpoint: media/configure/? returned response: <Response [200]>
2021-11-04 17:15:00,365 - instabot version: 0.117.0 (api) - DEBUG - POST to endpoint: qe/expose/ returned response: <Response [200]>
2021-11-04 17:15:00,366 - instabot version: 0.117.0 (bot_photo) - INFO - Photo 'image.jpg' is uploaded.
2021-11-04 17:15:03,025 - instabot version: 0.117.0 (api_photo) - ERROR - Photo does not have a compatible photo aspect ratio.
2021-11-04 17:15:03,025 - instabot version: 0.117.0 (bot_photo) - INFO - Photo 'image.jpg' is not uploaded.
2021-11-04 17:15:28,269 - instabot version: 0.117.0 (api) - DEBUG - POST to endpoint: media/configure/? returned response: <Response [200]>
2021-11-04 17:15:28,720 - instabot version: 0.117.0 (api) - DEBUG - POST to endpoint: qe/expose/ returned response: <Response [200]>
2021-11-04 17:15:28,721 - instabot version: 0.117.0 (bot_photo) - INFO - Photo 'image.jpg' is uploaded.
2021-11-04 17:15:35,861 - instabot version: 0.117.0 (api_photo) - ERROR - Photo Upload failed with the following response: <Response [400]>
2021-11-04 17:15:35,862 - instabot version: 0.117.0 (bot_photo) - INFO - Photo 'image.gif' is not uploaded.
2021-11-04 17:16:00,056 - instabot version: 0.117.0 (api) - DEBUG - POST to endpoint: media/configure/? returned response: <Response [200]>
2021-11-04 17:16:00,404 - instabot version: 0.117.0 (api) - DEBUG - POST to endpoint: qe/expose/ returned response: <Response [200]>
2021-11-04 17:16:00,406 - instabot version: 0.117.0 (bot_photo) - INFO - Photo 'image.jpg' is uploaded.
2021-11-04 17:16:23,917 - instabot version: 0.117.0 (api) - DEBUG - POST to endpoint: media/configure/? returned response: <Response [200]>
2021-11-04 17:16:24,241 - instabot version: 0.117.0 (api) - DEBUG - POST to endpoint: qe/expose/ returned response: <Response [200]>
2021-11-04 17:16:24,243 - instabot version: 0.117.0 (bot_photo) - INFO - Photo 'image.jpg' is uploaded.
