2022-01-31 12:16:21,482 - instabot version: 0.117.0 (bot) - INFO - Instabot version: 0.117.0 Started
2022-01-31 12:16:21,483 - instabot version: 0.117.0 (bot) - DEBUG - Bot imported from /Library/Frameworks/Python.framework/Versions/3.10/lib/python3.10/site-packages/instabot/bot/bot.py
2022-01-31 12:16:21,483 - instabot version: 0.117.0 (api_login) - INFO - Not yet logged in starting: PRE-LOGIN FLOW!
2022-01-31 12:16:22,209 - instabot version: 0.117.0 (api) - DEBUG - POST to endpoint: accounts/get_prefill_candidates/ returned response: <Response [200]>
2022-01-31 12:16:22,466 - instabot version: 0.117.0 (api) - DEBUG - POST to endpoint: qe/sync/ returned response: <Response [200]>
2022-01-31 12:16:22,725 - instabot version: 0.117.0 (api) - DEBUG - POST to endpoint: launcher/sync/ returned response: <Response [200]>
2022-01-31 12:16:22,952 - instabot version: 0.117.0 (api) - DEBUG - POST to endpoint: accounts/contact_point_prefill/ returned response: <Response [200]>
2022-01-31 12:16:24,892 - instabot version: 0.117.0 (api) - DEBUG - POST to endpoint: accounts/login/ returned response: <Response [400]>
2022-01-31 12:16:24,892 - instabot version: 0.117.0 (api) - DEBUG - Responsecode indicates error; response content: b'{"message":"challenge_required","challenge":{"url":"https://i.instagram.com/challenge/AXEesTCSePCu7L4tX1pno4wefUnJIIkEkPNlRz-uMlq4Yzy02kRez1fGCf10uZ1Gow6LN84/mqT8aefREY/","api_path":"/challenge/AXEesTCSePCu7L4tX1pno4wefUnJIIkEkPNlRz-uMlq4Yzy02kRez1fGCf10uZ1Gow6LN84/mqT8aefREY/","hide_webview_header":true,"lock":true,"logout":false,"native_flow":true,"flow_render_type":0},"status":"fail","error_type":"checkpoint_challenge_required"}'
2022-01-31 12:16:24,892 - instabot version: 0.117.0 (api) - ERROR - Request returns 400 error!
2022-01-31 12:16:24,892 - instabot version: 0.117.0 (api) - INFO - Instagram's error message: challenge_required
2022-01-31 12:16:24,892 - instabot version: 0.117.0 (api) - INFO - Error type: checkpoint_challenge_required
2022-01-31 12:16:27,488 - instabot version: 0.117.0 (api_photo) - ERROR - Photo Upload failed with the following response: <Response [403]>
2022-01-31 12:16:27,488 - instabot version: 0.117.0 (bot_photo) - INFO - Photo 'ba36csrrove81.jpg' is not uploaded.
2022-01-31 12:16:31,724 - instabot version: 0.117.0 (api_photo) - ERROR - Photo Upload failed with the following response: <Response [403]>
2022-01-31 12:16:31,724 - instabot version: 0.117.0 (bot_photo) - INFO - Photo '3j6cjngwfve81.jpg' is not uploaded.
2022-01-31 12:16:36,864 - instabot version: 0.117.0 (api_photo) - ERROR - Photo Upload failed with the following response: <Response [403]>
2022-01-31 12:16:36,865 - instabot version: 0.117.0 (bot_photo) - INFO - Photo 'dvozhhes0ve81.jpg' is not uploaded.
2022-01-31 12:16:42,572 - instabot version: 0.117.0 (api_photo) - ERROR - Photo Upload failed with the following response: <Response [403]>
2022-01-31 12:16:42,572 - instabot version: 0.117.0 (bot_photo) - INFO - Photo 'jddjr2vdxue81.jpg' is not uploaded.
2022-01-31 12:16:48,069 - instabot version: 0.117.0 (api_photo) - ERROR - Photo Upload failed with the following response: <Response [403]>
2022-01-31 12:16:48,069 - instabot version: 0.117.0 (bot_photo) - INFO - Photo 'qy3nyozneue81.jpg' is not uploaded.
2022-01-31 12:16:52,329 - instabot version: 0.117.0 (api_photo) - ERROR - Photo does not have a compatible photo aspect ratio.
2022-01-31 12:16:52,330 - instabot version: 0.117.0 (bot_photo) - INFO - Photo 'r4mqrfz2lve81.jpg' is not uploaded.
2022-01-31 12:16:56,328 - instabot version: 0.117.0 (api_photo) - ERROR - Photo Upload failed with the following response: <Response [403]>
2022-01-31 12:16:56,328 - instabot version: 0.117.0 (bot_photo) - INFO - Photo 'm84k8ff7nue81.jpg' is not uploaded.
2022-01-31 12:16:59,477 - instabot version: 0.117.0 (api_photo) - ERROR - Photo Upload failed with the following response: <Response [403]>
2022-01-31 12:16:59,478 - instabot version: 0.117.0 (bot_photo) - INFO - Photo '176bpz2f1ve81.jpg' is not uploaded.
2022-01-31 12:17:02,689 - instabot version: 0.117.0 (api_photo) - ERROR - Photo Upload failed with the following response: <Response [403]>
2022-01-31 12:17:02,690 - instabot version: 0.117.0 (bot_photo) - INFO - Photo '622s7me6tve81.png' is not uploaded.
2022-01-31 12:17:11,221 - instabot version: 0.117.0 (api_photo) - ERROR - Photo Upload failed with the following response: <Response [403]>
2022-01-31 12:17:11,221 - instabot version: 0.117.0 (bot_photo) - INFO - Photo 'dznw2lb2ave81.jpg' is not uploaded.
2022-01-31 12:17:16,136 - instabot version: 0.117.0 (api_photo) - ERROR - Photo does not have a compatible photo aspect ratio.
2022-01-31 12:17:16,137 - instabot version: 0.117.0 (bot_photo) - INFO - Photo 'tmwopqmb5ve81.jpg' is not uploaded.
2022-01-31 12:17:20,688 - instabot version: 0.117.0 (api_photo) - ERROR - Photo Upload failed with the following response: <Response [403]>
2022-01-31 12:17:20,689 - instabot version: 0.117.0 (bot_photo) - INFO - Photo '5m01djaorve81.jpg' is not uploaded.
2022-01-31 12:17:25,762 - instabot version: 0.117.0 (api_photo) - ERROR - Photo Upload failed with the following response: <Response [403]>
2022-01-31 12:17:25,762 - instabot version: 0.117.0 (bot_photo) - INFO - Photo 'p1dh4albave81.png' is not uploaded.
2022-01-31 12:17:30,522 - instabot version: 0.117.0 (api_photo) - ERROR - Photo Upload failed with the following response: <Response [403]>
2022-01-31 12:17:30,523 - instabot version: 0.117.0 (bot_photo) - INFO - Photo 'waguqlbfyve81.jpg' is not uploaded.
2022-01-31 12:17:35,734 - instabot version: 0.117.0 (api_photo) - ERROR - Photo Upload failed with the following response: <Response [403]>
2022-01-31 12:17:35,734 - instabot version: 0.117.0 (bot_photo) - INFO - Photo 'c4yljt654we81.jpg' is not uploaded.
2022-01-31 12:17:40,252 - instabot version: 0.117.0 (api_photo) - ERROR - Photo does not have a compatible photo aspect ratio.
2022-01-31 12:17:40,253 - instabot version: 0.117.0 (bot_photo) - INFO - Photo '2y5xwp2wtte81.jpg' is not uploaded.
2022-01-31 12:17:43,917 - instabot version: 0.117.0 (api_photo) - ERROR - Photo Upload failed with the following response: <Response [403]>
2022-01-31 12:17:43,918 - instabot version: 0.117.0 (bot_photo) - INFO - Photo 'nk9eiy1nnte81.jpg' is not uploaded.
2022-01-31 12:17:49,951 - instabot version: 0.117.0 (api_photo) - ERROR - Photo Upload failed with the following response: <Response [403]>
2022-01-31 12:17:49,952 - instabot version: 0.117.0 (bot_photo) - INFO - Photo 'ub8a4w6kwue81.jpg' is not uploaded.
2022-01-31 12:17:53,951 - instabot version: 0.117.0 (api_photo) - ERROR - Photo Upload failed with the following response: <Response [403]>
2022-01-31 12:17:53,951 - instabot version: 0.117.0 (bot_photo) - INFO - Photo 'vi7ok7yqrve81.jpg' is not uploaded.
2022-01-31 12:17:59,467 - instabot version: 0.117.0 (api_photo) - ERROR - Photo Upload failed with the following response: <Response [403]>
2022-01-31 12:17:59,467 - instabot version: 0.117.0 (bot_photo) - INFO - Photo '2oy0i4oaiwe81.jpg' is not uploaded.
2022-01-31 12:18:03,049 - instabot version: 0.117.0 (api_photo) - ERROR - Photo Upload failed with the following response: <Response [403]>
2022-01-31 12:18:03,049 - instabot version: 0.117.0 (bot_photo) - INFO - Photo 'rcbx89mpuve81.jpg' is not uploaded.
2022-01-31 12:18:06,107 - instabot version: 0.117.0 (api_photo) - ERROR - Photo Upload failed with the following response: <Response [403]>
2022-01-31 12:18:06,107 - instabot version: 0.117.0 (bot_photo) - INFO - Photo '0bs2iq45dve81.jpg' is not uploaded.
2022-01-31 12:18:11,095 - instabot version: 0.117.0 (api_photo) - ERROR - Photo Upload failed with the following response: <Response [403]>
2022-01-31 12:18:11,096 - instabot version: 0.117.0 (bot_photo) - INFO - Photo 'r1c91wp4dwe81.jpg' is not uploaded.
2022-01-31 12:18:19,035 - instabot version: 0.117.0 (api_photo) - ERROR - Photo Upload failed with the following response: <Response [403]>
2022-01-31 12:18:19,036 - instabot version: 0.117.0 (bot_photo) - INFO - Photo '4rm9qtihfue81.jpg' is not uploaded.
2022-01-31 12:18:22,934 - instabot version: 0.117.0 (api_photo) - ERROR - Photo Upload failed with the following response: <Response [403]>
2022-01-31 12:18:22,934 - instabot version: 0.117.0 (bot_photo) - INFO - Photo 'hqwb85em7ue81.jpg' is not uploaded.
2022-01-31 12:18:27,927 - instabot version: 0.117.0 (api_photo) - ERROR - Photo Upload failed with the following response: <Response [403]>
2022-01-31 12:18:27,928 - instabot version: 0.117.0 (bot_photo) - INFO - Photo 'ilhcacardve81.jpg' is not uploaded.
2022-01-31 12:18:40,269 - instabot version: 0.117.0 (api_photo) - ERROR - Photo Upload failed with the following response: <Response [403]>
2022-01-31 12:18:40,271 - instabot version: 0.117.0 (bot_photo) - INFO - Photo 'f7sdifv6yse81.jpg' is not uploaded.
2022-01-31 12:18:46,267 - instabot version: 0.117.0 (api_photo) - ERROR - Photo Upload failed with the following response: <Response [403]>
2022-01-31 12:18:46,267 - instabot version: 0.117.0 (bot_photo) - INFO - Photo 'jl4kks8geue81.jpg' is not uploaded.
2022-01-31 12:18:50,476 - instabot version: 0.117.0 (api_photo) - ERROR - Photo Upload failed with the following response: <Response [403]>
2022-01-31 12:18:50,476 - instabot version: 0.117.0 (bot_photo) - INFO - Photo 'dtmyixuk8te81.jpg' is not uploaded.
2022-01-31 12:18:56,015 - instabot version: 0.117.0 (api_photo) - ERROR - Photo does not have a compatible photo aspect ratio.
2022-01-31 12:18:56,016 - instabot version: 0.117.0 (bot_photo) - INFO - Photo '7mygevd64te81.jpg' is not uploaded.
2022-01-31 12:19:01,659 - instabot version: 0.117.0 (api_photo) - ERROR - Photo Upload failed with the following response: <Response [403]>
2022-01-31 12:19:01,659 - instabot version: 0.117.0 (bot_photo) - INFO - Photo 'x63aansdvte81.png' is not uploaded.
2022-01-31 12:19:09,072 - instabot version: 0.117.0 (api_photo) - ERROR - Photo does not have a compatible photo aspect ratio.
2022-01-31 12:19:09,073 - instabot version: 0.117.0 (bot_photo) - INFO - Photo 'y8n2hf337ue81.png' is not uploaded.
2022-01-31 12:19:12,455 - instabot version: 0.117.0 (api_photo) - ERROR - Photo does not have a compatible photo aspect ratio.
2022-01-31 12:19:12,456 - instabot version: 0.117.0 (bot_photo) - INFO - Photo 'mcng5gfh3ve81.jpg' is not uploaded.
2022-01-31 12:19:15,848 - instabot version: 0.117.0 (api_photo) - ERROR - Photo Upload failed with the following response: <Response [403]>
2022-01-31 12:19:15,848 - instabot version: 0.117.0 (bot_photo) - INFO - Photo 'l0lcn3izmse81.png' is not uploaded.
2022-01-31 12:19:21,616 - instabot version: 0.117.0 (api_photo) - ERROR - Photo does not have a compatible photo aspect ratio.
2022-01-31 12:19:21,616 - instabot version: 0.117.0 (bot_photo) - INFO - Photo 'tfa37ar8wse81.png' is not uploaded.
2022-01-31 12:19:25,692 - instabot version: 0.117.0 (api_photo) - ERROR - Photo Upload failed with the following response: <Response [403]>
2022-01-31 12:19:25,693 - instabot version: 0.117.0 (bot_photo) - INFO - Photo 'rd34vlv2yve81.jpg' is not uploaded.
2022-01-31 12:19:31,505 - instabot version: 0.117.0 (api_photo) - ERROR - Photo does not have a compatible photo aspect ratio.
2022-01-31 12:19:31,505 - instabot version: 0.117.0 (bot_photo) - INFO - Photo 'pye55x8jfse81.jpg' is not uploaded.
2022-01-31 12:19:39,498 - instabot version: 0.117.0 (api_photo) - ERROR - Photo Upload failed with the following response: <Response [403]>
2022-01-31 12:19:39,499 - instabot version: 0.117.0 (bot_photo) - INFO - Photo 'lso8t7tluve81.png' is not uploaded.
2022-01-31 12:19:44,485 - instabot version: 0.117.0 (api_photo) - ERROR - Photo Upload failed with the following response: <Response [403]>
2022-01-31 12:19:44,486 - instabot version: 0.117.0 (bot_photo) - INFO - Photo 'os34evcpive81.jpg' is not uploaded.
2022-01-31 12:19:50,228 - instabot version: 0.117.0 (api_photo) - ERROR - Photo does not have a compatible photo aspect ratio.
2022-01-31 12:19:50,228 - instabot version: 0.117.0 (bot_photo) - INFO - Photo 'wex6ftywbwe81.jpg' is not uploaded.
2022-01-31 12:19:54,567 - instabot version: 0.117.0 (api_photo) - ERROR - Photo Upload failed with the following response: <Response [403]>
2022-01-31 12:19:54,567 - instabot version: 0.117.0 (bot_photo) - INFO - Photo '41pyl6q6qve81.jpg' is not uploaded.
2022-01-31 12:20:04,243 - instabot version: 0.117.0 (api_photo) - ERROR - Photo Upload failed with the following response: <Response [403]>
2022-01-31 12:20:04,244 - instabot version: 0.117.0 (bot_photo) - INFO - Photo '8eib5xq49se81.jpg' is not uploaded.
2022-01-31 12:20:09,224 - instabot version: 0.117.0 (api_photo) - ERROR - Photo Upload failed with the following response: <Response [403]>
2022-01-31 12:20:09,225 - instabot version: 0.117.0 (bot_photo) - INFO - Photo 'gy4l2ajatue81.jpg' is not uploaded.
2022-01-31 12:20:13,027 - instabot version: 0.117.0 (api_photo) - ERROR - Photo Upload failed with the following response: <Response [403]>
2022-01-31 12:20:13,027 - instabot version: 0.117.0 (bot_photo) - INFO - Photo '804bzdyyoue81.jpg' is not uploaded.
2022-01-31 12:20:17,306 - instabot version: 0.117.0 (api_photo) - ERROR - Photo does not have a compatible photo aspect ratio.
2022-01-31 12:20:17,307 - instabot version: 0.117.0 (bot_photo) - INFO - Photo '1pk5j3xifve81.jpg' is not uploaded.
2022-01-31 12:20:32,048 - instabot version: 0.117.0 (api_photo) - ERROR - Photo Upload failed with the following response: <Response [403]>
2022-01-31 12:20:32,049 - instabot version: 0.117.0 (bot_photo) - INFO - Photo '266vvxmdlse81.jpg' is not uploaded.
2022-01-31 12:20:35,563 - instabot version: 0.117.0 (api_photo) - ERROR - Photo does not have a compatible photo aspect ratio.
2022-01-31 12:20:35,564 - instabot version: 0.117.0 (bot_photo) - INFO - Photo 'df4sjmpcdve81.jpg' is not uploaded.
2022-01-31 12:20:41,050 - instabot version: 0.117.0 (api_photo) - ERROR - Photo Upload failed with the following response: <Response [403]>
2022-01-31 12:20:41,052 - instabot version: 0.117.0 (bot_photo) - INFO - Photo 'axfuzvnrgue81.jpg' is not uploaded.
2022-01-31 12:20:44,602 - instabot version: 0.117.0 (api_photo) - ERROR - Photo Upload failed with the following response: <Response [403]>
2022-01-31 12:20:44,603 - instabot version: 0.117.0 (bot_photo) - INFO - Photo '731m3yd8bte81.jpg' is not uploaded.
2022-01-31 12:20:48,356 - instabot version: 0.117.0 (api_photo) - ERROR - Photo Upload failed with the following response: <Response [403]>
2022-01-31 12:20:48,357 - instabot version: 0.117.0 (bot_photo) - INFO - Photo '28q0p79gkte81.jpg' is not uploaded.
2022-01-31 12:20:54,371 - instabot version: 0.117.0 (api_photo) - ERROR - Photo Upload failed with the following response: <Response [403]>
2022-01-31 12:20:54,373 - instabot version: 0.117.0 (bot_photo) - INFO - Photo '3ir3d4wv3te81.jpg' is not uploaded.
2022-01-31 12:21:01,679 - instabot version: 0.117.0 (api_photo) - ERROR - Photo Upload failed with the following response: <Response [403]>
2022-01-31 12:21:01,679 - instabot version: 0.117.0 (bot_photo) - INFO - Photo 'r1gz0ws7ste81.jpg' is not uploaded.
2022-01-31 12:21:09,125 - instabot version: 0.117.0 (api_photo) - ERROR - Photo Upload failed with the following response: <Response [403]>
2022-01-31 12:21:09,126 - instabot version: 0.117.0 (bot_photo) - INFO - Photo 'v1zgh5h0eue81.jpg' is not uploaded.
2022-01-31 12:21:12,533 - instabot version: 0.117.0 (api_photo) - ERROR - Photo Upload failed with the following response: <Response [403]>
2022-01-31 12:21:12,534 - instabot version: 0.117.0 (bot_photo) - INFO - Photo 'r7dzh5c5lve81.png' is not uploaded.
2022-01-31 12:21:16,745 - instabot version: 0.117.0 (api_photo) - ERROR - Photo Upload failed with the following response: <Response [403]>
2022-01-31 12:21:16,746 - instabot version: 0.117.0 (bot_photo) - INFO - Photo 'kikj76dxyue81.jpg' is not uploaded.
2022-01-31 12:21:20,645 - instabot version: 0.117.0 (api_photo) - ERROR - Photo Upload failed with the following response: <Response [403]>
2022-01-31 12:21:20,646 - instabot version: 0.117.0 (bot_photo) - INFO - Photo 'tjadeh6k8ue81.jpg' is not uploaded.
2022-01-31 12:21:25,223 - instabot version: 0.117.0 (api_photo) - ERROR - Photo Upload failed with the following response: <Response [403]>
2022-01-31 12:21:25,224 - instabot version: 0.117.0 (bot_photo) - INFO - Photo '3YIj8qb.png' is not uploaded.
2022-01-31 12:21:30,692 - instabot version: 0.117.0 (api_photo) - ERROR - Photo does not have a compatible photo aspect ratio.
2022-01-31 12:21:30,693 - instabot version: 0.117.0 (bot_photo) - INFO - Photo 'oxuxm2iu3ve81.jpg' is not uploaded.
2022-01-31 12:21:39,687 - instabot version: 0.117.0 (api_photo) - ERROR - Photo does not have a compatible photo aspect ratio.
2022-01-31 12:21:39,689 - instabot version: 0.117.0 (bot_photo) - INFO - Photo 'n3iofq7xnte81.jpg' is not uploaded.
2022-01-31 12:21:44,276 - instabot version: 0.117.0 (api_photo) - ERROR - Photo does not have a compatible photo aspect ratio.
2022-01-31 12:21:44,277 - instabot version: 0.117.0 (bot_photo) - INFO - Photo '7q9b61lhmse81.jpg' is not uploaded.
2022-01-31 12:21:48,296 - instabot version: 0.117.0 (api_photo) - ERROR - Photo Upload failed with the following response: <Response [403]>
2022-01-31 12:21:48,298 - instabot version: 0.117.0 (bot_photo) - INFO - Photo 'cgfqlyvoxse81.jpg' is not uploaded.
2022-01-31 12:21:52,591 - instabot version: 0.117.0 (api_photo) - ERROR - Photo Upload failed with the following response: <Response [403]>
2022-01-31 12:21:52,592 - instabot version: 0.117.0 (bot_photo) - INFO - Photo 'yhp8f7kwpve81.jpg' is not uploaded.
2022-01-31 12:22:01,467 - instabot version: 0.117.0 (api_photo) - ERROR - Photo does not have a compatible photo aspect ratio.
2022-01-31 12:22:01,468 - instabot version: 0.117.0 (bot_photo) - INFO - Photo 'd4q575v1fse81.jpg' is not uploaded.
2022-01-31 12:22:09,824 - instabot version: 0.117.0 (api_photo) - ERROR - Photo Upload failed with the following response: <Response [403]>
2022-01-31 12:22:09,824 - instabot version: 0.117.0 (bot_photo) - INFO - Photo 'tr4kz4krzue81.jpg' is not uploaded.
2022-01-31 12:22:14,457 - instabot version: 0.117.0 (api_photo) - ERROR - Photo Upload failed with the following response: <Response [403]>
2022-01-31 12:22:14,458 - instabot version: 0.117.0 (bot_photo) - INFO - Photo '7kuv5d6u1ve81.jpg' is not uploaded.
2022-01-31 12:22:17,809 - instabot version: 0.117.0 (api_photo) - ERROR - Photo Upload failed with the following response: <Response [403]>
2022-01-31 12:22:17,809 - instabot version: 0.117.0 (bot_photo) - INFO - Photo 'x2pk60wc3ve81.jpg' is not uploaded.
2022-01-31 12:22:22,784 - instabot version: 0.117.0 (api_photo) - ERROR - Photo Upload failed with the following response: <Response [403]>
2022-01-31 12:22:22,785 - instabot version: 0.117.0 (bot_photo) - INFO - Photo 'm85p26pi0ue81.png' is not uploaded.
2022-01-31 12:22:26,109 - instabot version: 0.117.0 (api_photo) - ERROR - Photo does not have a compatible photo aspect ratio.
2022-01-31 12:22:26,110 - instabot version: 0.117.0 (bot_photo) - INFO - Photo '05311aa0awe81.png' is not uploaded.
2022-01-31 12:22:31,063 - instabot version: 0.117.0 (api_photo) - ERROR - Photo does not have a compatible photo aspect ratio.
2022-01-31 12:22:31,064 - instabot version: 0.117.0 (bot_photo) - INFO - Photo 'ihiawzd56ve81.jpg' is not uploaded.
2022-01-31 12:22:34,243 - instabot version: 0.117.0 (api_photo) - ERROR - Photo does not have a compatible photo aspect ratio.
2022-01-31 12:22:34,243 - instabot version: 0.117.0 (bot_photo) - INFO - Photo 'yjru7y07ave81.png' is not uploaded.
2022-01-31 12:22:39,882 - instabot version: 0.117.0 (api_photo) - ERROR - Photo Upload failed with the following response: <Response [403]>
2022-01-31 12:22:39,883 - instabot version: 0.117.0 (bot_photo) - INFO - Photo '5fakqowqgue81.jpg' is not uploaded.
2022-01-31 12:22:45,720 - instabot version: 0.117.0 (api_photo) - ERROR - Photo Upload failed with the following response: <Response [403]>
2022-01-31 12:22:45,721 - instabot version: 0.117.0 (bot_photo) - INFO - Photo 'dpoi7pztuqe81.jpg' is not uploaded.
2022-01-31 12:22:51,821 - instabot version: 0.117.0 (api_photo) - ERROR - Photo Upload failed with the following response: <Response [403]>
2022-01-31 12:22:51,821 - instabot version: 0.117.0 (bot_photo) - INFO - Photo '2jx1yyde9se81.jpg' is not uploaded.
2022-01-31 12:23:00,557 - instabot version: 0.117.0 (api_photo) - ERROR - Photo Upload failed with the following response: <Response [403]>
2022-01-31 12:23:00,558 - instabot version: 0.117.0 (bot_photo) - INFO - Photo 'cptactanque81.jpg' is not uploaded.
2022-01-31 12:23:06,231 - instabot version: 0.117.0 (api_photo) - ERROR - Photo Upload failed with the following response: <Response [403]>
2022-01-31 12:23:06,232 - instabot version: 0.117.0 (bot_photo) - INFO - Photo 've76tmxgloe81.png' is not uploaded.
2022-01-31 12:23:11,293 - instabot version: 0.117.0 (api_photo) - ERROR - Photo does not have a compatible photo aspect ratio.
2022-01-31 12:23:11,293 - instabot version: 0.117.0 (bot_photo) - INFO - Photo '6z02djutgve81.jpg' is not uploaded.
2022-01-31 12:23:15,555 - instabot version: 0.117.0 (api_photo) - ERROR - Photo Upload failed with the following response: <Response [403]>
2022-01-31 12:23:15,556 - instabot version: 0.117.0 (bot_photo) - INFO - Photo 'tciqms0enre81.jpg' is not uploaded.
2022-01-31 12:23:21,180 - instabot version: 0.117.0 (api_photo) - ERROR - Photo Upload failed with the following response: <Response [403]>
2022-01-31 12:23:21,180 - instabot version: 0.117.0 (bot_photo) - INFO - Photo 'cstpbcvrqve81.png' is not uploaded.
2022-01-31 12:23:26,057 - instabot version: 0.117.0 (api_photo) - ERROR - Photo does not have a compatible photo aspect ratio.
2022-01-31 12:23:26,058 - instabot version: 0.117.0 (bot_photo) - INFO - Photo 'icpcyngh5qe81.jpg' is not uploaded.
2022-01-31 12:23:29,313 - instabot version: 0.117.0 (api_photo) - ERROR - Photo Upload failed with the following response: <Response [403]>
2022-01-31 12:23:29,314 - instabot version: 0.117.0 (bot_photo) - INFO - Photo 'dmk8333frue81.png' is not uploaded.
2022-01-31 12:23:34,662 - instabot version: 0.117.0 (api_photo) - ERROR - Photo Upload failed with the following response: <Response [403]>
2022-01-31 12:23:34,663 - instabot version: 0.117.0 (bot_photo) - INFO - Photo 'z99s9ecf7ve81.png' is not uploaded.
2022-01-31 12:23:38,709 - instabot version: 0.117.0 (api_photo) - ERROR - Photo does not have a compatible photo aspect ratio.
2022-01-31 12:23:38,710 - instabot version: 0.117.0 (bot_photo) - INFO - Photo 'sje2a0837ue81.jpg' is not uploaded.
2022-01-31 12:23:42,884 - instabot version: 0.117.0 (api_photo) - ERROR - Photo Upload failed with the following response: <Response [403]>
2022-01-31 12:23:42,884 - instabot version: 0.117.0 (bot_photo) - INFO - Photo '8xa9ipegmve81.jpg' is not uploaded.
2022-01-31 12:23:47,959 - instabot version: 0.117.0 (api_photo) - ERROR - Photo Upload failed with the following response: <Response [403]>
2022-01-31 12:23:47,959 - instabot version: 0.117.0 (bot_photo) - INFO - Photo 'vxf37gxmdwe81.jpg' is not uploaded.
2022-01-31 12:23:51,061 - instabot version: 0.117.0 (api_photo) - ERROR - Photo Upload failed with the following response: <Response [403]>
2022-01-31 12:23:51,062 - instabot version: 0.117.0 (bot_photo) - INFO - Photo '2dgv8ucujve81.jpg' is not uploaded.
2022-01-31 12:23:56,453 - instabot version: 0.117.0 (api_photo) - ERROR - Photo does not have a compatible photo aspect ratio.
2022-01-31 12:23:56,453 - instabot version: 0.117.0 (bot_photo) - INFO - Photo '2w5po1743qe81.jpg' is not uploaded.
2022-01-31 12:24:02,928 - instabot version: 0.117.0 (api_photo) - ERROR - Photo Upload failed with the following response: <Response [403]>
2022-01-31 12:24:02,930 - instabot version: 0.117.0 (bot_photo) - INFO - Photo 'nlmphxhqbue81.jpg' is not uploaded.
2022-01-31 12:24:06,298 - instabot version: 0.117.0 (api_photo) - ERROR - Photo does not have a compatible photo aspect ratio.
2022-01-31 12:24:06,298 - instabot version: 0.117.0 (bot_photo) - INFO - Photo 'ewgdh9v8lte81.jpg' is not uploaded.
2022-01-31 12:24:10,153 - instabot version: 0.117.0 (api_photo) - ERROR - Photo Upload failed with the following response: <Response [403]>
2022-01-31 12:24:10,154 - instabot version: 0.117.0 (bot_photo) - INFO - Photo 'anh8p48ncwe81.jpg' is not uploaded.
2022-01-31 12:24:14,442 - instabot version: 0.117.0 (api_photo) - ERROR - Photo Upload failed with the following response: <Response [403]>
2022-01-31 12:24:14,443 - instabot version: 0.117.0 (bot_photo) - INFO - Photo 'y6r9cj7ozve81.jpg' is not uploaded.
2022-01-31 12:24:23,327 - instabot version: 0.117.0 (api_photo) - ERROR - Photo does not have a compatible photo aspect ratio.
2022-01-31 12:24:23,328 - instabot version: 0.117.0 (bot_photo) - INFO - Photo 'bxl3vuz52ue81.jpg' is not uploaded.
2022-01-31 12:24:26,758 - instabot version: 0.117.0 (api_photo) - ERROR - Photo Upload failed with the following response: <Response [403]>
2022-01-31 12:24:26,758 - instabot version: 0.117.0 (bot_photo) - INFO - Photo 'x3jcdhgpuue81.jpg' is not uploaded.
2022-01-31 12:24:32,342 - instabot version: 0.117.0 (api_photo) - ERROR - Photo Upload failed with the following response: <Response [403]>
2022-01-31 12:24:32,342 - instabot version: 0.117.0 (bot_photo) - INFO - Photo 'u3yoxfk7yqe81.jpg' is not uploaded.
2022-01-31 12:24:38,172 - instabot version: 0.117.0 (api_photo) - ERROR - Photo Upload failed with the following response: <Response [403]>
2022-01-31 12:24:38,173 - instabot version: 0.117.0 (bot_photo) - INFO - Photo 'vdik84fb5ve81.jpg' is not uploaded.
2022-01-31 12:24:44,040 - instabot version: 0.117.0 (api_photo) - ERROR - Photo Upload failed with the following response: <Response [403]>
2022-01-31 12:24:44,041 - instabot version: 0.117.0 (bot_photo) - INFO - Photo 'h2nwmjlg4ve81.png' is not uploaded.
2022-01-31 12:24:47,091 - instabot version: 0.117.0 (api_photo) - ERROR - Photo does not have a compatible photo aspect ratio.
2022-01-31 12:24:47,091 - instabot version: 0.117.0 (bot_photo) - INFO - Photo 'tun09bn7zre81.jpg' is not uploaded.
2022-01-31 12:24:50,889 - instabot version: 0.117.0 (api_photo) - ERROR - Photo Upload failed with the following response: <Response [403]>
2022-01-31 12:24:50,890 - instabot version: 0.117.0 (bot_photo) - INFO - Photo '2hvjgqim7te81.jpg' is not uploaded.
2022-01-31 12:24:54,245 - instabot version: 0.117.0 (api_photo) - ERROR - Photo Upload failed with the following response: <Response [403]>
2022-01-31 12:24:54,245 - instabot version: 0.117.0 (bot_photo) - INFO - Photo 'rboptc1t7te81.jpg' is not uploaded.
2022-01-31 12:24:59,909 - instabot version: 0.117.0 (api_photo) - ERROR - Photo Upload failed with the following response: <Response [403]>
2022-01-31 12:24:59,911 - instabot version: 0.117.0 (bot_photo) - INFO - Photo '3dx6st1a8ue81.jpg' is not uploaded.
2022-01-31 12:25:03,639 - instabot version: 0.117.0 (api_photo) - ERROR - Photo does not have a compatible photo aspect ratio.
2022-01-31 12:25:03,639 - instabot version: 0.117.0 (bot_photo) - INFO - Photo 'qmju7v7tvte81.png' is not uploaded.
2022-01-31 12:25:09,114 - instabot version: 0.117.0 (api_photo) - ERROR - Photo Upload failed with the following response: <Response [403]>
2022-01-31 12:25:09,115 - instabot version: 0.117.0 (bot_photo) - INFO - Photo '1tb6fxo0rue81.jpg' is not uploaded.
2022-01-31 12:25:14,220 - instabot version: 0.117.0 (api_photo) - ERROR - Photo does not have a compatible photo aspect ratio.
2022-01-31 12:25:14,221 - instabot version: 0.117.0 (bot_photo) - INFO - Photo '0cxf3llbjte81.jpg' is not uploaded.
