2021-09-08 21:28:45,917 - instabot version: 0.117.0 (bot) - INFO - Instabot version: 0.117.0 Started
2021-09-08 21:28:45,918 - instabot version: 0.117.0 (bot) - DEBUG - Bot imported from /Library/Frameworks/Python.framework/Versions/3.9/lib/python3.9/site-packages/instabot/bot/bot.py
2021-09-08 21:28:45,919 - instabot version: 0.117.0 (api_login) - INFO - Not yet logged in starting: PRE-LOGIN FLOW!
2021-09-08 21:28:46,466 - instabot version: 0.117.0 (api) - DEBUG - POST to endpoint: accounts/get_prefill_candidates/ returned response: <Response [200]>
2021-09-08 21:28:47,153 - instabot version: 0.117.0 (api) - DEBUG - POST to endpoint: qe/sync/ returned response: <Response [200]>
2021-09-08 21:28:47,700 - instabot version: 0.117.0 (api) - DEBUG - POST to endpoint: launcher/sync/ returned response: <Response [200]>
2021-09-08 21:28:48,239 - instabot version: 0.117.0 (api) - DEBUG - POST to endpoint: accounts/contact_point_prefill/ returned response: <Response [200]>
2021-09-08 21:28:50,105 - instabot version: 0.117.0 (api) - DEBUG - POST to endpoint: accounts/login/ returned response: <Response [200]>
2021-09-08 21:28:50,105 - instabot version: 0.117.0 (api) - INFO - Logged-in successfully as 'never_gonnagive'!
2021-09-08 21:28:50,105 - instabot version: 0.117.0 (api_login) - INFO - LOGIN FLOW! Just logged-in: True
2021-09-08 21:28:50,964 - instabot version: 0.117.0 (api) - DEBUG - POST to endpoint: qe/sync/ returned response: <Response [200]>
2021-09-08 21:28:51,595 - instabot version: 0.117.0 (api) - DEBUG - POST to endpoint: launcher/sync/ returned response: <Response [200]>
2021-09-08 21:28:52,158 - instabot version: 0.117.0 (api) - DEBUG - GET to endpoint: zr/token/result/?device_id=android-f3b834f4e29269d3&token_hash=&custom_device_id=android-f3b834f4e29269d3&fetch_reason=token_expired returned response: <Response [200]>
2021-09-08 21:28:52,733 - instabot version: 0.117.0 (api) - DEBUG - GET to endpoint: multiple_accounts/get_account_family/ returned response: <Response [200]>
2021-09-08 21:28:53,457 - instabot version: 0.117.0 (api) - DEBUG - POST to endpoint: qe/sync/ returned response: <Response [200]>
2021-09-08 21:28:54,652 - instabot version: 0.117.0 (api) - DEBUG - GET to endpoint: igtv/browse_feed/?prefetch=1 returned response: <Response [200]>
2021-09-08 21:28:55,219 - instabot version: 0.117.0 (api) - DEBUG - POST to endpoint: creatives/ar_class/ returned response: <Response [200]>
2021-09-08 21:28:56,154 - instabot version: 0.117.0 (api) - DEBUG - POST to endpoint: feed/reels_tray/ returned response: <Response [200]>
2021-09-08 21:28:58,648 - instabot version: 0.117.0 (api) - DEBUG - POST to endpoint: feed/timeline/ returned response: <Response [200]>
2021-09-08 21:28:59,311 - instabot version: 0.117.0 (api) - DEBUG - GET to endpoint: media/blocked/ returned response: <Response [200]>
2021-09-08 21:29:01,107 - instabot version: 0.117.0 (api) - DEBUG - GET to endpoint: news/inbox/ returned response: <Response [200]>
2021-09-08 21:29:01,614 - instabot version: 0.117.0 (api) - DEBUG - GET to endpoint: loom/fetch_config/ returned response: <Response [200]>
2021-09-08 21:29:02,226 - instabot version: 0.117.0 (api) - DEBUG - GET to endpoint: scores/bootstrap/users/?surfaces=["autocomplete_user_list","coefficient_besties_list_ranking","coefficient_rank_recipient_user_suggestion","coefficient_ios_section_test_bootstrap_ranking","coefficient_direct_recipients_ranking_variant_2"] returned response: <Response [200]>
2021-09-08 21:29:02,637 - instabot version: 0.117.0 (api) - DEBUG - GET to endpoint: business/eligibility/get_monetization_products_eligibility_data/?product_types=branded_content returned response: <Response [200]>
2021-09-08 21:29:03,051 - instabot version: 0.117.0 (api) - DEBUG - GET to endpoint: business/branded_content/should_require_professional_account/ returned response: <Response [200]>
2021-09-08 21:29:03,363 - instabot version: 0.117.0 (api) - DEBUG - GET to endpoint: linked_accounts/get_linkage_status/ returned response: <Response [200]>
2021-09-08 21:29:03,766 - instabot version: 0.117.0 (api) - DEBUG - GET to endpoint: locations/request_country/ returned response: <Response [200]>
2021-09-08 21:29:04,101 - instabot version: 0.117.0 (api) - DEBUG - GET to endpoint: qp/get_cooldowns/?signed_body=signed_body=4b9c516a5410a3bc128e09c6104a7f042146b9c2023870560c63a43a7f66781c.4&ig_sig_key_version=4&ig_sig_key_version=4 returned response: <Response [200]>
2021-09-08 21:29:04,487 - instabot version: 0.117.0 (api) - DEBUG - GET to endpoint: users/arlink_download_info/?version_override=2.2.1 returned response: <Response [200]>
2021-09-08 21:29:06,116 - instabot version: 0.117.0 (api) - DEBUG - GET to endpoint: users/44906261598/info/ returned response: <Response [200]>
2021-09-08 21:29:07,040 - instabot version: 0.117.0 (api) - DEBUG - GET to endpoint: direct_v2/get_presence/ returned response: <Response [200]>
2021-09-08 21:29:07,929 - instabot version: 0.117.0 (api) - DEBUG - GET to endpoint: direct_v2/inbox/?visual_message_return_type=unseen&thread_message_limit=10&persistentBadging=true&limit=20 returned response: <Response [200]>
2021-09-08 21:29:08,379 - instabot version: 0.117.0 (api) - DEBUG - GET to endpoint: direct_v2/inbox/?visual_message_return_type=unseen&persistentBadging=true&limit=0 returned response: <Response [200]>
2021-09-08 21:29:10,422 - instabot version: 0.117.0 (api) - DEBUG - GET to endpoint: discover/topical_explore/?is_prefetch=true&omit_cover_media=true&use_sectional_payload=true&timezone_offset=0&session_id=098c81c7-d170-4ca4-8c54-7e8cbcec27c3&include_fixed_destinations=true returned response: <Response [200]>
2021-09-08 21:29:10,930 - instabot version: 0.117.0 (api) - DEBUG - POST to endpoint: notifications/badge/ returned response: <Response [200]>
2021-09-08 21:29:11,526 - instabot version: 0.117.0 (api) - DEBUG - POST to endpoint: qp/batch_fetch/ returned response: <Response [200]>
2021-09-08 21:29:11,527 - instabot version: 0.117.0 (bot_checkpoint) - DEBUG - Loading Checkpoint file from: /Users/sid/Desktop/Coding/VS Code/Python/Reddit_Meme-Insta_Automator/config/never_gonnagive.checkpoint
2021-09-08 21:29:13,543 - instabot version: 0.117.0 (api_photo) - ERROR - Photo does not have a compatible photo aspect ratio.
2021-09-08 21:29:13,543 - instabot version: 0.117.0 (bot_photo) - INFO - Photo 'image.png' is not uploaded.
2021-09-08 21:29:13,543 - instabot version: 0.117.0 (bot_checkpoint) - DEBUG - Saving Checkpoint file to: /Users/sid/Desktop/Coding/VS Code/Python/Reddit_Meme-Insta_Automator/config/never_gonnagive.checkpoint
2021-09-08 21:29:13,553 - instabot version: 0.117.0 (bot) - INFO - Total requests: 31
