2021-10-22 11:50:31,894 - instabot version: 0.117.0 (bot) - INFO - Instabot version: 0.117.0 Started
2021-10-22 11:50:31,894 - instabot version: 0.117.0 (bot) - DEBUG - Bot imported from /Library/Frameworks/Python.framework/Versions/3.9/lib/python3.9/site-packages/instabot/bot/bot.py
2021-10-22 11:50:31,896 - instabot version: 0.117.0 (api_login) - INFO - Not yet logged in starting: PRE-LOGIN FLOW!
2021-10-22 11:50:32,245 - instabot version: 0.117.0 (api) - DEBUG - POST to endpoint: accounts/get_prefill_candidates/ returned response: <Response [200]>
2021-10-22 11:50:32,632 - instabot version: 0.117.0 (api) - DEBUG - POST to endpoint: qe/sync/ returned response: <Response [200]>
2021-10-22 11:50:32,959 - instabot version: 0.117.0 (api) - DEBUG - POST to endpoint: launcher/sync/ returned response: <Response [200]>
2021-10-22 11:50:33,269 - instabot version: 0.117.0 (api) - DEBUG - POST to endpoint: accounts/contact_point_prefill/ returned response: <Response [200]>
2021-10-22 11:50:34,793 - instabot version: 0.117.0 (api) - DEBUG - POST to endpoint: accounts/login/ returned response: <Response [200]>
2021-10-22 11:50:34,793 - instabot version: 0.117.0 (api) - INFO - Logged-in successfully as 'never_gonnagive'!
2021-10-22 11:50:34,793 - instabot version: 0.117.0 (api_login) - INFO - LOGIN FLOW! Just logged-in: True
2021-10-22 11:50:35,168 - instabot version: 0.117.0 (api) - DEBUG - POST to endpoint: qe/sync/ returned response: <Response [200]>
2021-10-22 11:50:35,601 - instabot version: 0.117.0 (api) - DEBUG - POST to endpoint: launcher/sync/ returned response: <Response [200]>
2021-10-22 11:50:35,932 - instabot version: 0.117.0 (api) - DEBUG - GET to endpoint: zr/token/result/?device_id=android-f3b834f4e29269d3&token_hash=&custom_device_id=android-f3b834f4e29269d3&fetch_reason=token_expired returned response: <Response [200]>
2021-10-22 11:50:36,317 - instabot version: 0.117.0 (api) - DEBUG - GET to endpoint: multiple_accounts/get_account_family/ returned response: <Response [200]>
2021-10-22 11:50:36,671 - instabot version: 0.117.0 (api) - DEBUG - POST to endpoint: qe/sync/ returned response: <Response [200]>
2021-10-22 11:50:37,468 - instabot version: 0.117.0 (api) - DEBUG - GET to endpoint: igtv/browse_feed/?prefetch=1 returned response: <Response [200]>
2021-10-22 11:50:37,953 - instabot version: 0.117.0 (api) - DEBUG - POST to endpoint: creatives/ar_class/ returned response: <Response [200]>
2021-10-22 11:50:38,834 - instabot version: 0.117.0 (api) - DEBUG - POST to endpoint: feed/reels_tray/ returned response: <Response [200]>
2021-10-22 11:50:40,618 - instabot version: 0.117.0 (api) - DEBUG - POST to endpoint: feed/timeline/ returned response: <Response [200]>
2021-10-22 11:50:40,939 - instabot version: 0.117.0 (api) - DEBUG - GET to endpoint: media/blocked/ returned response: <Response [200]>
2021-10-22 11:50:42,380 - instabot version: 0.117.0 (api) - DEBUG - GET to endpoint: news/inbox/ returned response: <Response [200]>
2021-10-22 11:50:42,758 - instabot version: 0.117.0 (api) - DEBUG - GET to endpoint: loom/fetch_config/ returned response: <Response [200]>
2021-10-22 11:50:43,230 - instabot version: 0.117.0 (api) - DEBUG - GET to endpoint: scores/bootstrap/users/?surfaces=["autocomplete_user_list","coefficient_besties_list_ranking","coefficient_rank_recipient_user_suggestion","coefficient_ios_section_test_bootstrap_ranking","coefficient_direct_recipients_ranking_variant_2"] returned response: <Response [200]>
2021-10-22 11:50:43,691 - instabot version: 0.117.0 (api) - DEBUG - GET to endpoint: business/eligibility/get_monetization_products_eligibility_data/?product_types=branded_content returned response: <Response [200]>
2021-10-22 11:50:44,036 - instabot version: 0.117.0 (api) - DEBUG - GET to endpoint: business/branded_content/should_require_professional_account/ returned response: <Response [200]>
2021-10-22 11:50:44,377 - instabot version: 0.117.0 (api) - DEBUG - GET to endpoint: linked_accounts/get_linkage_status/ returned response: <Response [200]>
2021-10-22 11:50:44,771 - instabot version: 0.117.0 (api) - DEBUG - GET to endpoint: locations/request_country/ returned response: <Response [200]>
2021-10-22 11:50:45,115 - instabot version: 0.117.0 (api) - DEBUG - GET to endpoint: qp/get_cooldowns/?signed_body=signed_body=4b9c516a5410a3bc128e09c6104a7f042146b9c2023870560c63a43a7f66781c.4&ig_sig_key_version=4&ig_sig_key_version=4 returned response: <Response [200]>
2021-10-22 11:50:45,506 - instabot version: 0.117.0 (api) - DEBUG - GET to endpoint: users/arlink_download_info/?version_override=2.2.1 returned response: <Response [200]>
2021-10-22 11:50:46,434 - instabot version: 0.117.0 (api) - DEBUG - GET to endpoint: users/44906261598/info/ returned response: <Response [200]>
2021-10-22 11:50:47,272 - instabot version: 0.117.0 (api) - DEBUG - GET to endpoint: direct_v2/get_presence/ returned response: <Response [200]>
2021-10-22 11:50:48,505 - instabot version: 0.117.0 (api) - DEBUG - GET to endpoint: direct_v2/inbox/?visual_message_return_type=unseen&thread_message_limit=10&persistentBadging=true&limit=20 returned response: <Response [200]>
2021-10-22 11:50:48,974 - instabot version: 0.117.0 (api) - DEBUG - GET to endpoint: direct_v2/inbox/?visual_message_return_type=unseen&persistentBadging=true&limit=0 returned response: <Response [200]>
2021-10-22 11:50:50,758 - instabot version: 0.117.0 (api) - DEBUG - GET to endpoint: discover/topical_explore/?is_prefetch=true&omit_cover_media=true&use_sectional_payload=true&timezone_offset=0&session_id=73301e6f-0c6b-4e2e-b5c5-a3100da89bba&include_fixed_destinations=true returned response: <Response [200]>
2021-10-22 11:50:51,268 - instabot version: 0.117.0 (api) - DEBUG - POST to endpoint: notifications/badge/ returned response: <Response [200]>
2021-10-22 11:50:51,795 - instabot version: 0.117.0 (api) - DEBUG - POST to endpoint: qp/batch_fetch/ returned response: <Response [200]>
2021-10-22 11:50:51,797 - instabot version: 0.117.0 (bot_checkpoint) - DEBUG - Loading Checkpoint file from: /Users/sid/Desktop/Coding/VS Code/Python/Reddit_Meme-Insta_Automator/config/never_gonnagive.checkpoint
2021-10-22 11:50:56,763 - instabot version: 0.117.0 (api_photo) - ERROR - Photo Upload failed with the following response: <Response [400]>
2021-10-22 11:50:56,764 - instabot version: 0.117.0 (bot_photo) - INFO - Photo 'image.png' is not uploaded.
2021-10-22 11:51:36,106 - instabot version: 0.117.0 (api) - DEBUG - POST to endpoint: media/configure/? returned response: <Response [200]>
2021-10-22 11:51:36,527 - instabot version: 0.117.0 (api) - DEBUG - POST to endpoint: qe/expose/ returned response: <Response [200]>
2021-10-22 11:51:36,545 - instabot version: 0.117.0 (bot_photo) - INFO - Photo 'image.jpg' is uploaded.
2021-10-22 11:52:00,389 - instabot version: 0.117.0 (api) - DEBUG - POST to endpoint: media/configure/? returned response: <Response [200]>
2021-10-22 11:52:00,730 - instabot version: 0.117.0 (api) - DEBUG - POST to endpoint: qe/expose/ returned response: <Response [200]>
2021-10-22 11:52:00,730 - instabot version: 0.117.0 (bot_photo) - INFO - Photo 'image.jpg' is uploaded.
2021-10-22 11:52:04,190 - instabot version: 0.117.0 (api_photo) - ERROR - Photo Upload failed with the following response: <Response [400]>
2021-10-22 11:52:04,191 - instabot version: 0.117.0 (bot_photo) - INFO - Photo 'image.png' is not uploaded.
2021-10-22 11:52:27,523 - instabot version: 0.117.0 (api) - DEBUG - POST to endpoint: media/configure/? returned response: <Response [200]>
2021-10-22 11:52:27,844 - instabot version: 0.117.0 (api) - DEBUG - POST to endpoint: qe/expose/ returned response: <Response [200]>
2021-10-22 11:52:27,844 - instabot version: 0.117.0 (bot_photo) - INFO - Photo 'image.jpg' is uploaded.
2021-10-22 11:52:52,307 - instabot version: 0.117.0 (api) - DEBUG - POST to endpoint: media/configure/? returned response: <Response [200]>
2021-10-22 11:52:52,619 - instabot version: 0.117.0 (api) - DEBUG - POST to endpoint: qe/expose/ returned response: <Response [200]>
2021-10-22 11:52:52,620 - instabot version: 0.117.0 (bot_photo) - INFO - Photo 'image.jpg' is uploaded.
2021-10-22 11:53:14,294 - instabot version: 0.117.0 (api) - DEBUG - POST to endpoint: media/configure/? returned response: <Response [200]>
2021-10-22 11:53:14,766 - instabot version: 0.117.0 (api) - DEBUG - POST to endpoint: qe/expose/ returned response: <Response [200]>
2021-10-22 11:53:14,863 - instabot version: 0.117.0 (bot_photo) - INFO - Photo 'image.jpg' is uploaded.
2021-10-22 11:53:38,212 - instabot version: 0.117.0 (api) - DEBUG - POST to endpoint: media/configure/? returned response: <Response [200]>
2021-10-22 11:53:38,547 - instabot version: 0.117.0 (api) - DEBUG - POST to endpoint: qe/expose/ returned response: <Response [200]>
2021-10-22 11:53:38,547 - instabot version: 0.117.0 (bot_photo) - INFO - Photo 'image.jpg' is uploaded.
2021-10-22 11:53:40,319 - instabot version: 0.117.0 (api_photo) - ERROR - Photo does not have a compatible photo aspect ratio.
2021-10-22 11:53:40,319 - instabot version: 0.117.0 (bot_photo) - INFO - Photo 'image.png' is not uploaded.
2021-10-22 11:54:03,767 - instabot version: 0.117.0 (api) - DEBUG - POST to endpoint: media/configure/? returned response: <Response [200]>
2021-10-22 11:54:04,144 - instabot version: 0.117.0 (api) - DEBUG - POST to endpoint: qe/expose/ returned response: <Response [200]>
2021-10-22 11:54:04,252 - instabot version: 0.117.0 (bot_photo) - INFO - Photo 'image.jpg' is uploaded.
2021-10-22 11:54:10,076 - instabot version: 0.117.0 (api_photo) - ERROR - Photo Upload failed with the following response: <Response [400]>
2021-10-22 11:54:10,116 - instabot version: 0.117.0 (bot_photo) - INFO - Photo 'image.gif' is not uploaded.
2021-10-22 11:54:34,322 - instabot version: 0.117.0 (api) - DEBUG - POST to endpoint: media/configure/? returned response: <Response [200]>
2021-10-22 11:54:34,808 - instabot version: 0.117.0 (api) - DEBUG - POST to endpoint: qe/expose/ returned response: <Response [200]>
2021-10-22 11:54:34,830 - instabot version: 0.117.0 (bot_photo) - INFO - Photo 'image.jpg' is uploaded.
2021-10-22 11:54:57,541 - instabot version: 0.117.0 (api) - DEBUG - POST to endpoint: media/configure/? returned response: <Response [200]>
2021-10-22 11:54:57,880 - instabot version: 0.117.0 (api) - DEBUG - POST to endpoint: qe/expose/ returned response: <Response [200]>
2021-10-22 11:54:57,988 - instabot version: 0.117.0 (bot_photo) - INFO - Photo 'image.jpg' is uploaded.
2021-10-22 11:55:20,686 - instabot version: 0.117.0 (api) - DEBUG - POST to endpoint: media/configure/? returned response: <Response [200]>
2021-10-22 11:55:21,096 - instabot version: 0.117.0 (api) - DEBUG - POST to endpoint: qe/expose/ returned response: <Response [200]>
2021-10-22 11:55:21,652 - instabot version: 0.117.0 (bot_photo) - INFO - Photo 'image.jpg' is uploaded.
2021-10-22 11:55:44,946 - instabot version: 0.117.0 (api) - DEBUG - POST to endpoint: media/configure/? returned response: <Response [200]>
2021-10-22 11:55:45,251 - instabot version: 0.117.0 (api) - DEBUG - POST to endpoint: qe/expose/ returned response: <Response [200]>
2021-10-22 11:55:45,898 - instabot version: 0.117.0 (bot_photo) - INFO - Photo 'image.jpg' is uploaded.
2021-10-22 11:56:09,252 - instabot version: 0.117.0 (api) - DEBUG - POST to endpoint: media/configure/? returned response: <Response [200]>
2021-10-22 11:56:09,625 - instabot version: 0.117.0 (api) - DEBUG - POST to endpoint: qe/expose/ returned response: <Response [200]>
2021-10-22 11:56:09,626 - instabot version: 0.117.0 (bot_photo) - INFO - Photo 'image.jpg' is uploaded.
2021-10-22 11:56:14,964 - instabot version: 0.117.0 (api_photo) - ERROR - Photo Upload failed with the following response: <Response [400]>
2021-10-22 11:56:14,990 - instabot version: 0.117.0 (bot_photo) - INFO - Photo 'image.gif' is not uploaded.
2021-10-22 11:56:38,870 - instabot version: 0.117.0 (api) - DEBUG - POST to endpoint: media/configure/? returned response: <Response [200]>
2021-10-22 11:56:39,249 - instabot version: 0.117.0 (api) - DEBUG - POST to endpoint: qe/expose/ returned response: <Response [200]>
2021-10-22 11:56:39,251 - instabot version: 0.117.0 (bot_photo) - INFO - Photo 'image.jpg' is uploaded.
2021-10-22 11:57:02,592 - instabot version: 0.117.0 (api) - DEBUG - POST to endpoint: media/configure/? returned response: <Response [200]>
2021-10-22 11:57:02,959 - instabot version: 0.117.0 (api) - DEBUG - POST to endpoint: qe/expose/ returned response: <Response [200]>
2021-10-22 11:57:02,959 - instabot version: 0.117.0 (bot_photo) - INFO - Photo 'image.jpg' is uploaded.
2021-10-22 11:57:25,831 - instabot version: 0.117.0 (api) - DEBUG - POST to endpoint: media/configure/? returned response: <Response [200]>
2021-10-22 11:57:26,161 - instabot version: 0.117.0 (api) - DEBUG - POST to endpoint: qe/expose/ returned response: <Response [200]>
2021-10-22 11:57:26,161 - instabot version: 0.117.0 (bot_photo) - INFO - Photo 'image.jpg' is uploaded.
2021-10-22 11:57:48,447 - instabot version: 0.117.0 (api) - DEBUG - POST to endpoint: media/configure/? returned response: <Response [200]>
2021-10-22 11:57:48,776 - instabot version: 0.117.0 (api) - DEBUG - POST to endpoint: qe/expose/ returned response: <Response [200]>
2021-10-22 11:57:48,777 - instabot version: 0.117.0 (bot_photo) - INFO - Photo 'image.jpg' is uploaded.
2021-10-22 11:58:10,827 - instabot version: 0.117.0 (api) - DEBUG - POST to endpoint: media/configure/? returned response: <Response [200]>
2021-10-22 11:58:11,287 - instabot version: 0.117.0 (api) - DEBUG - POST to endpoint: qe/expose/ returned response: <Response [200]>
2021-10-22 11:58:11,300 - instabot version: 0.117.0 (bot_photo) - INFO - Photo 'image.jpg' is uploaded.
2021-10-22 11:58:34,426 - instabot version: 0.117.0 (api) - DEBUG - POST to endpoint: media/configure/? returned response: <Response [200]>
2021-10-22 11:58:34,768 - instabot version: 0.117.0 (api) - DEBUG - POST to endpoint: qe/expose/ returned response: <Response [200]>
2021-10-22 11:58:34,768 - instabot version: 0.117.0 (bot_photo) - INFO - Photo 'image.jpg' is uploaded.
2021-10-22 11:58:59,415 - instabot version: 0.117.0 (api) - DEBUG - POST to endpoint: media/configure/? returned response: <Response [200]>
2021-10-22 11:58:59,741 - instabot version: 0.117.0 (api) - DEBUG - POST to endpoint: qe/expose/ returned response: <Response [200]>
2021-10-22 11:58:59,742 - instabot version: 0.117.0 (bot_photo) - INFO - Photo 'image.jpg' is uploaded.
2021-10-22 11:59:21,739 - instabot version: 0.117.0 (api) - DEBUG - POST to endpoint: media/configure/? returned response: <Response [200]>
2021-10-22 11:59:22,107 - instabot version: 0.117.0 (api) - DEBUG - POST to endpoint: qe/expose/ returned response: <Response [200]>
2021-10-22 11:59:22,108 - instabot version: 0.117.0 (bot_photo) - INFO - Photo 'image.jpg' is uploaded.
2021-10-22 11:59:25,954 - instabot version: 0.117.0 (api_photo) - ERROR - Photo Upload failed with the following response: <Response [400]>
2021-10-22 11:59:25,956 - instabot version: 0.117.0 (bot_photo) - INFO - Photo 'image.gif' is not uploaded.
2021-10-22 11:59:47,942 - instabot version: 0.117.0 (api) - DEBUG - POST to endpoint: media/configure/? returned response: <Response [200]>
2021-10-22 11:59:48,269 - instabot version: 0.117.0 (api) - DEBUG - POST to endpoint: qe/expose/ returned response: <Response [200]>
2021-10-22 11:59:48,269 - instabot version: 0.117.0 (bot_photo) - INFO - Photo 'image.jpg' is uploaded.
2021-10-22 12:00:12,012 - instabot version: 0.117.0 (api) - DEBUG - POST to endpoint: media/configure/? returned response: <Response [200]>
2021-10-22 12:00:12,320 - instabot version: 0.117.0 (api) - DEBUG - POST to endpoint: qe/expose/ returned response: <Response [200]>
2021-10-22 12:00:12,331 - instabot version: 0.117.0 (bot_photo) - INFO - Photo 'image.jpg' is uploaded.
2021-10-22 12:00:17,542 - instabot version: 0.117.0 (api_photo) - ERROR - Photo Upload failed with the following response: <Response [400]>
2021-10-22 12:00:17,543 - instabot version: 0.117.0 (bot_photo) - INFO - Photo 'image.gif' is not uploaded.
2021-10-22 12:00:39,153 - instabot version: 0.117.0 (api) - DEBUG - POST to endpoint: media/configure/? returned response: <Response [200]>
2021-10-22 12:00:39,478 - instabot version: 0.117.0 (api) - DEBUG - POST to endpoint: qe/expose/ returned response: <Response [200]>
2021-10-22 12:00:39,479 - instabot version: 0.117.0 (bot_photo) - INFO - Photo 'image.jpg' is uploaded.
2021-10-22 12:01:03,213 - instabot version: 0.117.0 (api) - DEBUG - POST to endpoint: media/configure/? returned response: <Response [200]>
2021-10-22 12:01:03,515 - instabot version: 0.117.0 (api) - DEBUG - POST to endpoint: qe/expose/ returned response: <Response [200]>
2021-10-22 12:01:03,515 - instabot version: 0.117.0 (bot_photo) - INFO - Photo 'image.jpg' is uploaded.
2021-10-22 12:01:05,591 - instabot version: 0.117.0 (api_photo) - ERROR - Photo does not have a compatible photo aspect ratio.
2021-10-22 12:01:05,592 - instabot version: 0.117.0 (bot_photo) - INFO - Photo 'image.jpg' is not uploaded.
2021-10-22 12:01:34,232 - instabot version: 0.117.0 (api) - DEBUG - POST to endpoint: media/configure/? returned response: <Response [200]>
2021-10-22 12:01:34,540 - instabot version: 0.117.0 (api) - DEBUG - POST to endpoint: qe/expose/ returned response: <Response [200]>
2021-10-22 12:01:34,541 - instabot version: 0.117.0 (bot_photo) - INFO - Photo 'image.jpg' is uploaded.
2021-10-22 12:01:39,156 - instabot version: 0.117.0 (api_photo) - ERROR - Photo Upload failed with the following response: <Response [400]>
2021-10-22 12:01:39,179 - instabot version: 0.117.0 (bot_photo) - INFO - Photo 'image.gif' is not uploaded.
2021-10-22 12:01:42,639 - instabot version: 0.117.0 (api_photo) - ERROR - Photo Upload failed with the following response: <Response [400]>
2021-10-22 12:01:42,640 - instabot version: 0.117.0 (bot_photo) - INFO - Photo 'image.png' is not uploaded.
2021-10-22 12:02:07,620 - instabot version: 0.117.0 (api) - DEBUG - POST to endpoint: media/configure/? returned response: <Response [200]>
2021-10-22 12:02:07,946 - instabot version: 0.117.0 (api) - DEBUG - POST to endpoint: qe/expose/ returned response: <Response [200]>
2021-10-22 12:02:07,947 - instabot version: 0.117.0 (bot_photo) - INFO - Photo 'image.jpg' is uploaded.
2021-10-22 12:02:10,953 - instabot version: 0.117.0 (api_photo) - ERROR - Photo Upload failed with the following response: <Response [400]>
2021-10-22 12:02:10,954 - instabot version: 0.117.0 (bot_photo) - INFO - Photo 'image.png' is not uploaded.
2021-10-22 12:02:21,873 - instabot version: 0.117.0 (api_photo) - ERROR - Photo Upload failed with the following response: <Response [400]>
2021-10-22 12:02:21,890 - instabot version: 0.117.0 (bot_photo) - INFO - Photo 'image.gif' is not uploaded.
2021-10-22 12:02:25,943 - instabot version: 0.117.0 (api_photo) - ERROR - Photo Upload failed with the following response: <Response [400]>
2021-10-22 12:02:25,943 - instabot version: 0.117.0 (bot_photo) - INFO - Photo 'image.png' is not uploaded.
2021-10-22 12:02:30,910 - instabot version: 0.117.0 (api_photo) - ERROR - Photo Upload failed with the following response: <Response [400]>
2021-10-22 12:02:30,967 - instabot version: 0.117.0 (bot_photo) - INFO - Photo 'image.gif' is not uploaded.
2021-10-22 12:02:54,215 - instabot version: 0.117.0 (api) - DEBUG - POST to endpoint: media/configure/? returned response: <Response [200]>
2021-10-22 12:02:54,546 - instabot version: 0.117.0 (api) - DEBUG - POST to endpoint: qe/expose/ returned response: <Response [200]>
2021-10-22 12:02:54,546 - instabot version: 0.117.0 (bot_photo) - INFO - Photo 'image.jpg' is uploaded.
2021-10-22 12:03:18,378 - instabot version: 0.117.0 (api) - DEBUG - POST to endpoint: media/configure/? returned response: <Response [200]>
2021-10-22 12:03:18,808 - instabot version: 0.117.0 (api) - DEBUG - POST to endpoint: qe/expose/ returned response: <Response [200]>
2021-10-22 12:03:18,809 - instabot version: 0.117.0 (bot_photo) - INFO - Photo 'image.jpg' is uploaded.
2021-10-22 12:03:20,255 - instabot version: 0.117.0 (api_photo) - ERROR - Photo does not have a compatible photo aspect ratio.
2021-10-22 12:03:20,255 - instabot version: 0.117.0 (bot_photo) - INFO - Photo 'image.png' is not uploaded.
2021-10-22 12:03:22,985 - instabot version: 0.117.0 (api_photo) - ERROR - Photo does not have a compatible photo aspect ratio.
2021-10-22 12:03:22,985 - instabot version: 0.117.0 (bot_photo) - INFO - Photo 'image.jpg' is not uploaded.
2021-10-22 12:03:26,435 - instabot version: 0.117.0 (api_photo) - ERROR - Photo does not have a compatible photo aspect ratio.
2021-10-22 12:03:26,481 - instabot version: 0.117.0 (bot_photo) - INFO - Photo 'image.gif' is not uploaded.
2021-10-22 12:03:49,103 - instabot version: 0.117.0 (api) - DEBUG - POST to endpoint: media/configure/? returned response: <Response [200]>
2021-10-22 12:03:49,612 - instabot version: 0.117.0 (api) - DEBUG - POST to endpoint: qe/expose/ returned response: <Response [200]>
2021-10-22 12:03:49,613 - instabot version: 0.117.0 (bot_photo) - INFO - Photo 'image.jpg' is uploaded.
2021-10-22 12:03:52,528 - instabot version: 0.117.0 (api_photo) - ERROR - Photo does not have a compatible photo aspect ratio.
2021-10-22 12:03:52,528 - instabot version: 0.117.0 (bot_photo) - INFO - Photo 'image.jpg' is not uploaded.
2021-10-22 12:04:16,645 - instabot version: 0.117.0 (api) - DEBUG - POST to endpoint: media/configure/? returned response: <Response [200]>
2021-10-22 12:04:17,156 - instabot version: 0.117.0 (api) - DEBUG - POST to endpoint: qe/expose/ returned response: <Response [200]>
2021-10-22 12:04:17,157 - instabot version: 0.117.0 (bot_photo) - INFO - Photo 'image.jpg' is uploaded.
2021-10-22 12:04:25,452 - instabot version: 0.117.0 (api_photo) - ERROR - Photo Upload failed with the following response: <Response [400]>
2021-10-22 12:04:25,453 - instabot version: 0.117.0 (bot_photo) - INFO - Photo 'image.gif' is not uploaded.
2021-10-22 12:04:49,006 - instabot version: 0.117.0 (api) - DEBUG - POST to endpoint: media/configure/? returned response: <Response [200]>
2021-10-22 12:04:49,395 - instabot version: 0.117.0 (api) - DEBUG - POST to endpoint: qe/expose/ returned response: <Response [200]>
2021-10-22 12:04:49,396 - instabot version: 0.117.0 (bot_photo) - INFO - Photo 'image.jpg' is uploaded.
2021-10-22 12:04:49,446 - instabot version: 0.117.0 (bot_checkpoint) - DEBUG - Saving Checkpoint file to: /Users/sid/Desktop/Coding/VS Code/Python/Reddit_Meme-Insta_Automator/config/never_gonnagive.checkpoint
2021-10-22 12:04:49,503 - instabot version: 0.117.0 (bot) - INFO - Total requests: 351
