2022-02-05 16:35:09,698 - instabot version: 0.117.0 (bot) - INFO - Instabot version: 0.117.0 Started
2022-02-05 16:35:09,698 - instabot version: 0.117.0 (bot) - DEBUG - Bot imported from /Library/Frameworks/Python.framework/Versions/3.10/lib/python3.10/site-packages/instabot/bot/bot.py
2022-02-05 16:35:09,699 - instabot version: 0.117.0 (api_login) - INFO - Not yet logged in starting: PRE-LOGIN FLOW!
2022-02-05 16:35:10,377 - instabot version: 0.117.0 (api) - DEBUG - POST to endpoint: accounts/get_prefill_candidates/ returned response: <Response [200]>
2022-02-05 16:35:11,007 - instabot version: 0.117.0 (api) - DEBUG - POST to endpoint: qe/sync/ returned response: <Response [200]>
2022-02-05 16:35:11,688 - instabot version: 0.117.0 (api) - DEBUG - POST to endpoint: launcher/sync/ returned response: <Response [200]>
2022-02-05 16:35:12,280 - instabot version: 0.117.0 (api) - DEBUG - POST to endpoint: accounts/contact_point_prefill/ returned response: <Response [200]>
2022-02-05 16:35:15,321 - instabot version: 0.117.0 (api) - DEBUG - POST to endpoint: accounts/login/ returned response: <Response [200]>
2022-02-05 16:35:15,321 - instabot version: 0.117.0 (api) - INFO - Logged-in successfully as 'never_gonnagive'!
2022-02-05 16:35:15,322 - instabot version: 0.117.0 (api_login) - INFO - LOGIN FLOW! Just logged-in: True
2022-02-05 16:35:50,983 - instabot version: 0.117.0 (api) - DEBUG - POST to endpoint: qe/sync/ returned response: <Response [400]>
2022-02-05 16:35:50,984 - instabot version: 0.117.0 (api) - DEBUG - Responsecode indicates error; response content: b'{"message":"challenge_required","challenge":{"url":"https://i.instagram.com/challenge/?next=/api/v1/qe/sync/","api_path":"/challenge/","hide_webview_header":true,"lock":true,"logout":false,"native_flow":true,"flow_render_type":0},"status":"fail"}'
2022-02-05 16:35:50,984 - instabot version: 0.117.0 (api) - ERROR - Request returns 400 error!
2022-02-05 16:35:50,984 - instabot version: 0.117.0 (api) - INFO - Instagram's error message: challenge_required
2022-02-05 16:35:50,984 - instabot version: 0.117.0 (api) - INFO - Instagram's error message: {}
2022-02-05 16:36:26,623 - instabot version: 0.117.0 (api) - DEBUG - POST to endpoint: launcher/sync/ returned response: <Response [400]>
2022-02-05 16:36:26,624 - instabot version: 0.117.0 (api) - DEBUG - Responsecode indicates error; response content: b'{"message":"challenge_required","challenge":{"url":"https://i.instagram.com/challenge/?next=/api/v1/launcher/sync/","api_path":"/challenge/","hide_webview_header":true,"lock":true,"logout":false,"native_flow":true,"flow_render_type":0},"status":"fail"}'
2022-02-05 16:36:26,624 - instabot version: 0.117.0 (api) - ERROR - Request returns 400 error!
2022-02-05 16:36:26,624 - instabot version: 0.117.0 (api) - INFO - Instagram's error message: challenge_required
2022-02-05 16:36:26,624 - instabot version: 0.117.0 (api) - INFO - Instagram's error message: {}
2022-02-05 16:36:27,231 - instabot version: 0.117.0 (api) - DEBUG - GET to endpoint: zr/token/result/?device_id=android-f3b834f4e29269d3&token_hash=&custom_device_id=android-f3b834f4e29269d3&fetch_reason=token_expired returned response: <Response [400]>
2022-02-05 16:36:27,232 - instabot version: 0.117.0 (api) - DEBUG - Responsecode indicates error; response content: b'{"message":"challenge_required","challenge":{"url":"https://i.instagram.com/challenge/?next=/api/v1/zr/token/result/%253Fdevice_id%253Dandroid-f3b834f4e29269d3%2526token_hash%253D%2526custom_device_id%253Dandroid-f3b834f4e29269d3%2526fetch_reason%253Dtoken_expired","api_path":"/challenge/","hide_webview_header":true,"lock":true,"logout":false,"native_flow":true,"flow_render_type":0},"status":"fail"}'
2022-02-05 16:36:27,232 - instabot version: 0.117.0 (api) - ERROR - Request returns 400 error!
2022-02-05 16:36:27,232 - instabot version: 0.117.0 (api) - INFO - Instagram's error message: challenge_required
2022-02-05 16:36:27,232 - instabot version: 0.117.0 (api) - INFO - Instagram's error message: {}
2022-02-05 16:36:27,929 - instabot version: 0.117.0 (api) - DEBUG - GET to endpoint: multiple_accounts/get_account_family/ returned response: <Response [400]>
2022-02-05 16:36:27,929 - instabot version: 0.117.0 (api) - DEBUG - Responsecode indicates error; response content: b'{"message":"challenge_required","challenge":{"url":"https://i.instagram.com/challenge/?next=/api/v1/multiple_accounts/get_account_family/","api_path":"/challenge/","hide_webview_header":true,"lock":true,"logout":false,"native_flow":true,"flow_render_type":0},"status":"fail"}'
2022-02-05 16:36:27,929 - instabot version: 0.117.0 (api) - ERROR - Request returns 400 error!
2022-02-05 16:36:27,929 - instabot version: 0.117.0 (api) - INFO - Instagram's error message: challenge_required
2022-02-05 16:36:27,929 - instabot version: 0.117.0 (api) - INFO - Instagram's error message: {}
2022-02-05 16:36:28,522 - instabot version: 0.117.0 (api) - DEBUG - POST to endpoint: qe/sync/ returned response: <Response [400]>
2022-02-05 16:36:28,522 - instabot version: 0.117.0 (api) - DEBUG - Responsecode indicates error; response content: b'{"message":"challenge_required","challenge":{"url":"https://i.instagram.com/challenge/?next=/api/v1/qe/sync/","api_path":"/challenge/","hide_webview_header":true,"lock":true,"logout":false,"native_flow":true,"flow_render_type":0},"status":"fail"}'
2022-02-05 16:36:28,522 - instabot version: 0.117.0 (api) - ERROR - Request returns 400 error!
2022-02-05 16:36:28,523 - instabot version: 0.117.0 (api) - INFO - Instagram's error message: challenge_required
2022-02-05 16:36:28,523 - instabot version: 0.117.0 (api) - INFO - Instagram's error message: {}
2022-02-05 16:36:29,137 - instabot version: 0.117.0 (api) - DEBUG - GET to endpoint: igtv/browse_feed/?prefetch=1 returned response: <Response [400]>
2022-02-05 16:36:29,137 - instabot version: 0.117.0 (api) - DEBUG - Responsecode indicates error; response content: b'{"message":"challenge_required","challenge":{"url":"https://i.instagram.com/challenge/?next=/api/v1/igtv/browse_feed/%253Fprefetch%253D1","api_path":"/challenge/","hide_webview_header":true,"lock":true,"logout":false,"native_flow":true,"flow_render_type":0},"status":"fail"}'
2022-02-05 16:36:29,137 - instabot version: 0.117.0 (api) - ERROR - Request returns 400 error!
2022-02-05 16:36:29,137 - instabot version: 0.117.0 (api) - INFO - Instagram's error message: challenge_required
2022-02-05 16:36:29,137 - instabot version: 0.117.0 (api) - INFO - Instagram's error message: {}
2022-02-05 16:36:29,728 - instabot version: 0.117.0 (api) - DEBUG - POST to endpoint: creatives/ar_class/ returned response: <Response [400]>
2022-02-05 16:36:29,729 - instabot version: 0.117.0 (api) - DEBUG - Responsecode indicates error; response content: b'{"message":"challenge_required","challenge":{"url":"https://i.instagram.com/challenge/?next=/api/v1/creatives/ar_class/","api_path":"/challenge/","hide_webview_header":true,"lock":true,"logout":false,"native_flow":true,"flow_render_type":0},"status":"fail"}'
2022-02-05 16:36:29,729 - instabot version: 0.117.0 (api) - ERROR - Request returns 400 error!
2022-02-05 16:36:29,729 - instabot version: 0.117.0 (api) - INFO - Instagram's error message: challenge_required
2022-02-05 16:36:29,729 - instabot version: 0.117.0 (api) - INFO - Instagram's error message: {}
2022-02-05 16:36:30,329 - instabot version: 0.117.0 (api) - DEBUG - POST to endpoint: feed/reels_tray/ returned response: <Response [400]>
2022-02-05 16:36:30,330 - instabot version: 0.117.0 (api) - DEBUG - Responsecode indicates error; response content: b'{"message":"challenge_required","challenge":{"url":"https://i.instagram.com/challenge/?next=/api/v1/feed/reels_tray/","api_path":"/challenge/","hide_webview_header":true,"lock":true,"logout":false,"native_flow":true,"flow_render_type":0},"status":"fail"}'
2022-02-05 16:36:30,330 - instabot version: 0.117.0 (api) - ERROR - Request returns 400 error!
2022-02-05 16:36:30,330 - instabot version: 0.117.0 (api) - INFO - Instagram's error message: challenge_required
2022-02-05 16:36:30,330 - instabot version: 0.117.0 (api) - INFO - Instagram's error message: {}
2022-02-05 16:36:30,974 - instabot version: 0.117.0 (api) - DEBUG - POST to endpoint: feed/timeline/ returned response: <Response [400]>
2022-02-05 16:36:30,974 - instabot version: 0.117.0 (api) - DEBUG - Responsecode indicates error; response content: b'{"message":"challenge_required","challenge":{"url":"https://i.instagram.com/challenge/?next=/api/v1/feed/timeline/","api_path":"/challenge/","hide_webview_header":true,"lock":true,"logout":false,"native_flow":true,"flow_render_type":0},"status":"fail"}'
2022-02-05 16:36:30,974 - instabot version: 0.117.0 (api) - ERROR - Request returns 400 error!
2022-02-05 16:36:30,974 - instabot version: 0.117.0 (api) - INFO - Instagram's error message: challenge_required
2022-02-05 16:36:30,974 - instabot version: 0.117.0 (api) - INFO - Instagram's error message: {}
2022-02-05 16:36:31,563 - instabot version: 0.117.0 (api) - DEBUG - GET to endpoint: media/blocked/ returned response: <Response [400]>
2022-02-05 16:36:31,563 - instabot version: 0.117.0 (api) - DEBUG - Responsecode indicates error; response content: b'{"message":"challenge_required","challenge":{"url":"https://i.instagram.com/challenge/?next=/api/v1/media/blocked/","api_path":"/challenge/","hide_webview_header":true,"lock":true,"logout":false,"native_flow":true,"flow_render_type":0},"status":"fail"}'
2022-02-05 16:36:31,563 - instabot version: 0.117.0 (api) - ERROR - Request returns 400 error!
2022-02-05 16:36:31,563 - instabot version: 0.117.0 (api) - INFO - Instagram's error message: challenge_required
2022-02-05 16:36:31,563 - instabot version: 0.117.0 (api) - INFO - Instagram's error message: {}
2022-02-05 16:36:32,155 - instabot version: 0.117.0 (api) - DEBUG - GET to endpoint: news/inbox/ returned response: <Response [400]>
2022-02-05 16:36:32,155 - instabot version: 0.117.0 (api) - DEBUG - Responsecode indicates error; response content: b'{"message":"challenge_required","challenge":{"url":"https://i.instagram.com/challenge/?next=/api/v1/news/inbox/","api_path":"/challenge/","hide_webview_header":true,"lock":true,"logout":false,"native_flow":true,"flow_render_type":0},"status":"fail"}'
2022-02-05 16:36:32,155 - instabot version: 0.117.0 (api) - ERROR - Request returns 400 error!
2022-02-05 16:36:32,155 - instabot version: 0.117.0 (api) - INFO - Instagram's error message: challenge_required
2022-02-05 16:36:32,155 - instabot version: 0.117.0 (api) - INFO - Instagram's error message: {}
2022-02-05 16:36:32,754 - instabot version: 0.117.0 (api) - DEBUG - GET to endpoint: loom/fetch_config/ returned response: <Response [400]>
2022-02-05 16:36:32,754 - instabot version: 0.117.0 (api) - DEBUG - Responsecode indicates error; response content: b'{"message":"challenge_required","challenge":{"url":"https://i.instagram.com/challenge/?next=/api/v1/loom/fetch_config/","api_path":"/challenge/","hide_webview_header":true,"lock":true,"logout":false,"native_flow":true,"flow_render_type":0},"status":"fail"}'
2022-02-05 16:36:32,754 - instabot version: 0.117.0 (api) - ERROR - Request returns 400 error!
2022-02-05 16:36:32,754 - instabot version: 0.117.0 (api) - INFO - Instagram's error message: challenge_required
2022-02-05 16:36:32,754 - instabot version: 0.117.0 (api) - INFO - Instagram's error message: {}
2022-02-05 16:36:33,352 - instabot version: 0.117.0 (api) - DEBUG - GET to endpoint: scores/bootstrap/users/?surfaces=["autocomplete_user_list","coefficient_besties_list_ranking","coefficient_rank_recipient_user_suggestion","coefficient_ios_section_test_bootstrap_ranking","coefficient_direct_recipients_ranking_variant_2"] returned response: <Response [400]>
2022-02-05 16:36:33,352 - instabot version: 0.117.0 (api) - DEBUG - Responsecode indicates error; response content: b'{"message":"challenge_required","challenge":{"url":"https://i.instagram.com/challenge/?next=/api/v1/scores/bootstrap/users/%253Fsurfaces%253D%25255B%252522autocomplete_user_list%252522%252C%252522coefficient_besties_list_ranking%252522%252C%252522coefficient_rank_recipient_user_suggestion%252522%252C%252522coefficient_ios_section_test_bootstrap_ranking%252522%252C%252522coefficient_direct_recipients_ranking_variant_2%252522%25255D","api_path":"/challenge/","hide_webview_header":true,"lock":true,"logout":false,"native_flow":true,"flow_render_type":0},"status":"fail"}'
2022-02-05 16:36:33,352 - instabot version: 0.117.0 (api) - ERROR - Request returns 400 error!
2022-02-05 16:36:33,352 - instabot version: 0.117.0 (api) - INFO - Instagram's error message: challenge_required
2022-02-05 16:36:33,353 - instabot version: 0.117.0 (api) - INFO - Instagram's error message: {}
2022-02-05 16:36:33,963 - instabot version: 0.117.0 (api) - DEBUG - GET to endpoint: business/eligibility/get_monetization_products_eligibility_data/?product_types=branded_content returned response: <Response [400]>
2022-02-05 16:36:33,964 - instabot version: 0.117.0 (api) - DEBUG - Responsecode indicates error; response content: b'{"message":"challenge_required","challenge":{"url":"https://i.instagram.com/challenge/?next=/api/v1/business/eligibility/get_monetization_products_eligibility_data/%253Fproduct_types%253Dbranded_content","api_path":"/challenge/","hide_webview_header":true,"lock":true,"logout":false,"native_flow":true,"flow_render_type":0},"status":"fail"}'
2022-02-05 16:36:33,964 - instabot version: 0.117.0 (api) - ERROR - Request returns 400 error!
2022-02-05 16:36:33,964 - instabot version: 0.117.0 (api) - INFO - Instagram's error message: challenge_required
2022-02-05 16:36:33,964 - instabot version: 0.117.0 (api) - INFO - Instagram's error message: {}
2022-02-05 16:36:34,571 - instabot version: 0.117.0 (api) - DEBUG - GET to endpoint: business/branded_content/should_require_professional_account/ returned response: <Response [400]>
2022-02-05 16:36:34,572 - instabot version: 0.117.0 (api) - DEBUG - Responsecode indicates error; response content: b'{"message":"challenge_required","challenge":{"url":"https://i.instagram.com/challenge/?next=/api/v1/business/branded_content/should_require_professional_account/","api_path":"/challenge/","hide_webview_header":true,"lock":true,"logout":false,"native_flow":true,"flow_render_type":0},"status":"fail"}'
2022-02-05 16:36:34,572 - instabot version: 0.117.0 (api) - ERROR - Request returns 400 error!
2022-02-05 16:36:34,572 - instabot version: 0.117.0 (api) - INFO - Instagram's error message: challenge_required
2022-02-05 16:36:34,572 - instabot version: 0.117.0 (api) - INFO - Instagram's error message: {}
2022-02-05 16:37:10,191 - instabot version: 0.117.0 (api) - DEBUG - GET to endpoint: linked_accounts/get_linkage_status/ returned response: <Response [400]>
2022-02-05 16:37:10,191 - instabot version: 0.117.0 (api) - DEBUG - Responsecode indicates error; response content: b'{"message":"challenge_required","challenge":{"url":"https://i.instagram.com/challenge/?next=/api/v1/linked_accounts/get_linkage_status/","api_path":"/challenge/","hide_webview_header":true,"lock":true,"logout":false,"native_flow":true,"flow_render_type":0},"status":"fail"}'
2022-02-05 16:37:10,191 - instabot version: 0.117.0 (api) - ERROR - Request returns 400 error!
2022-02-05 16:37:10,192 - instabot version: 0.117.0 (api) - INFO - Instagram's error message: challenge_required
2022-02-05 16:37:10,192 - instabot version: 0.117.0 (api) - INFO - Instagram's error message: {}
2022-02-05 16:37:10,808 - instabot version: 0.117.0 (api) - DEBUG - GET to endpoint: locations/request_country/ returned response: <Response [400]>
2022-02-05 16:37:10,809 - instabot version: 0.117.0 (api) - DEBUG - Responsecode indicates error; response content: b'{"message":"challenge_required","challenge":{"url":"https://i.instagram.com/challenge/?next=/api/v1/locations/request_country/","api_path":"/challenge/","hide_webview_header":true,"lock":true,"logout":false,"native_flow":true,"flow_render_type":0},"status":"fail"}'
2022-02-05 16:37:10,809 - instabot version: 0.117.0 (api) - ERROR - Request returns 400 error!
2022-02-05 16:37:10,809 - instabot version: 0.117.0 (api) - INFO - Instagram's error message: challenge_required
2022-02-05 16:37:10,809 - instabot version: 0.117.0 (api) - INFO - Instagram's error message: {}
2022-02-05 16:37:11,430 - instabot version: 0.117.0 (api) - DEBUG - GET to endpoint: qp/get_cooldowns/?signed_body=signed_body=4b9c516a5410a3bc128e09c6104a7f042146b9c2023870560c63a43a7f66781c.4&ig_sig_key_version=4&ig_sig_key_version=4 returned response: <Response [400]>
2022-02-05 16:37:11,430 - instabot version: 0.117.0 (api) - DEBUG - Responsecode indicates error; response content: b'{"message":"challenge_required","challenge":{"url":"https://i.instagram.com/challenge/?next=/api/v1/qp/get_cooldowns/%253Fsigned_body%253Dsigned_body%253D4b9c516a5410a3bc128e09c6104a7f042146b9c2023870560c63a43a7f66781c.4%2526ig_sig_key_version%253D4%2526ig_sig_key_version%253D4","api_path":"/challenge/","hide_webview_header":true,"lock":true,"logout":false,"native_flow":true,"flow_render_type":0},"status":"fail"}'
2022-02-05 16:37:11,430 - instabot version: 0.117.0 (api) - ERROR - Request returns 400 error!
2022-02-05 16:37:11,431 - instabot version: 0.117.0 (api) - INFO - Instagram's error message: challenge_required
2022-02-05 16:37:11,431 - instabot version: 0.117.0 (api) - INFO - Instagram's error message: {}
2022-02-05 16:37:12,038 - instabot version: 0.117.0 (api) - DEBUG - GET to endpoint: users/arlink_download_info/?version_override=2.2.1 returned response: <Response [400]>
2022-02-05 16:37:12,039 - instabot version: 0.117.0 (api) - DEBUG - Responsecode indicates error; response content: b'{"message":"challenge_required","challenge":{"url":"https://i.instagram.com/challenge/?next=/api/v1/users/arlink_download_info/%253Fversion_override%253D2.2.1","api_path":"/challenge/","hide_webview_header":true,"lock":true,"logout":false,"native_flow":true,"flow_render_type":0},"status":"fail"}'
2022-02-05 16:37:12,039 - instabot version: 0.117.0 (api) - ERROR - Request returns 400 error!
2022-02-05 16:37:12,039 - instabot version: 0.117.0 (api) - INFO - Instagram's error message: challenge_required
2022-02-05 16:37:12,039 - instabot version: 0.117.0 (api) - INFO - Instagram's error message: {}
2022-02-05 16:37:12,640 - instabot version: 0.117.0 (api) - DEBUG - GET to endpoint: users/44906261598/info/ returned response: <Response [400]>
2022-02-05 16:37:12,640 - instabot version: 0.117.0 (api) - DEBUG - Responsecode indicates error; response content: b'{"message":"challenge_required","challenge":{"url":"https://i.instagram.com/challenge/?next=/api/v1/users/44906261598/info/","api_path":"/challenge/","hide_webview_header":true,"lock":true,"logout":false,"native_flow":true,"flow_render_type":0},"status":"fail"}'
2022-02-05 16:37:12,640 - instabot version: 0.117.0 (api) - ERROR - Request returns 400 error!
2022-02-05 16:37:12,640 - instabot version: 0.117.0 (api) - INFO - Instagram's error message: challenge_required
2022-02-05 16:37:12,640 - instabot version: 0.117.0 (api) - INFO - Instagram's error message: {}
2022-02-05 16:37:13,231 - instabot version: 0.117.0 (api) - DEBUG - GET to endpoint: direct_v2/get_presence/ returned response: <Response [400]>
2022-02-05 16:37:13,232 - instabot version: 0.117.0 (api) - DEBUG - Responsecode indicates error; response content: b'{"message":"challenge_required","challenge":{"url":"https://i.instagram.com/challenge/?next=/api/v1/direct_v2/get_presence/","api_path":"/challenge/","hide_webview_header":true,"lock":true,"logout":false,"native_flow":true,"flow_render_type":0},"status":"fail"}'
2022-02-05 16:37:13,232 - instabot version: 0.117.0 (api) - ERROR - Request returns 400 error!
2022-02-05 16:37:13,232 - instabot version: 0.117.0 (api) - INFO - Instagram's error message: challenge_required
2022-02-05 16:37:13,233 - instabot version: 0.117.0 (api) - INFO - Instagram's error message: {}
2022-02-05 16:37:13,831 - instabot version: 0.117.0 (api) - DEBUG - GET to endpoint: direct_v2/inbox/?visual_message_return_type=unseen&thread_message_limit=10&persistentBadging=true&limit=20 returned response: <Response [400]>
2022-02-05 16:37:13,831 - instabot version: 0.117.0 (api) - DEBUG - Responsecode indicates error; response content: b'{"message":"challenge_required","challenge":{"url":"https://i.instagram.com/challenge/?next=/api/v1/direct_v2/inbox/%253Fvisual_message_return_type%253Dunseen%2526thread_message_limit%253D10%2526persistentBadging%253Dtrue%2526limit%253D20","api_path":"/challenge/","hide_webview_header":true,"lock":true,"logout":false,"native_flow":true,"flow_render_type":0},"status":"fail"}'
2022-02-05 16:37:13,831 - instabot version: 0.117.0 (api) - ERROR - Request returns 400 error!
2022-02-05 16:37:13,831 - instabot version: 0.117.0 (api) - INFO - Instagram's error message: challenge_required
2022-02-05 16:37:13,831 - instabot version: 0.117.0 (api) - INFO - Instagram's error message: {}
2022-02-05 16:37:14,423 - instabot version: 0.117.0 (api) - DEBUG - GET to endpoint: direct_v2/inbox/?visual_message_return_type=unseen&persistentBadging=true&limit=0 returned response: <Response [400]>
2022-02-05 16:37:14,423 - instabot version: 0.117.0 (api) - DEBUG - Responsecode indicates error; response content: b'{"message":"challenge_required","challenge":{"url":"https://i.instagram.com/challenge/?next=/api/v1/direct_v2/inbox/%253Fvisual_message_return_type%253Dunseen%2526persistentBadging%253Dtrue%2526limit%253D0","api_path":"/challenge/","hide_webview_header":true,"lock":true,"logout":false,"native_flow":true,"flow_render_type":0},"status":"fail"}'
2022-02-05 16:37:14,423 - instabot version: 0.117.0 (api) - ERROR - Request returns 400 error!
2022-02-05 16:37:14,423 - instabot version: 0.117.0 (api) - INFO - Instagram's error message: challenge_required
2022-02-05 16:37:14,423 - instabot version: 0.117.0 (api) - INFO - Instagram's error message: {}
2022-02-05 16:37:50,057 - instabot version: 0.117.0 (api) - DEBUG - GET to endpoint: discover/topical_explore/?is_prefetch=true&omit_cover_media=true&use_sectional_payload=true&timezone_offset=0&session_id=d82afdba-b862-455c-8409-8566e0472d78&include_fixed_destinations=true returned response: <Response [400]>
2022-02-05 16:37:50,059 - instabot version: 0.117.0 (api) - DEBUG - Responsecode indicates error; response content: b'{"message":"challenge_required","challenge":{"url":"https://i.instagram.com/challenge/?next=/api/v1/discover/topical_explore/%253Fis_prefetch%253Dtrue%2526omit_cover_media%253Dtrue%2526use_sectional_payload%253Dtrue%2526timezone_offset%253D0%2526session_id%253Dd82afdba-b862-455c-8409-8566e0472d78%2526include_fixed_destinations%253Dtrue","api_path":"/challenge/","hide_webview_header":true,"lock":true,"logout":false,"native_flow":true,"flow_render_type":0},"status":"fail"}'
2022-02-05 16:37:50,060 - instabot version: 0.117.0 (api) - ERROR - Request returns 400 error!
2022-02-05 16:37:50,060 - instabot version: 0.117.0 (api) - INFO - Instagram's error message: challenge_required
2022-02-05 16:37:50,060 - instabot version: 0.117.0 (api) - INFO - Instagram's error message: {}
2022-02-05 16:37:50,698 - instabot version: 0.117.0 (api) - DEBUG - POST to endpoint: notifications/badge/ returned response: <Response [400]>
2022-02-05 16:37:50,698 - instabot version: 0.117.0 (api) - DEBUG - Responsecode indicates error; response content: b'{"message":"challenge_required","challenge":{"url":"https://i.instagram.com/challenge/?next=/api/v1/notifications/badge/","api_path":"/challenge/","hide_webview_header":true,"lock":true,"logout":false,"native_flow":true,"flow_render_type":0},"status":"fail"}'
2022-02-05 16:37:50,699 - instabot version: 0.117.0 (api) - ERROR - Request returns 400 error!
2022-02-05 16:37:50,699 - instabot version: 0.117.0 (api) - INFO - Instagram's error message: challenge_required
2022-02-05 16:37:50,699 - instabot version: 0.117.0 (api) - INFO - Instagram's error message: {}
2022-02-05 16:37:51,321 - instabot version: 0.117.0 (api) - DEBUG - POST to endpoint: qp/batch_fetch/ returned response: <Response [400]>
2022-02-05 16:37:51,321 - instabot version: 0.117.0 (api) - DEBUG - Responsecode indicates error; response content: b'{"message":"challenge_required","challenge":{"url":"https://i.instagram.com/challenge/?next=/api/v1/qp/batch_fetch/","api_path":"/challenge/","hide_webview_header":true,"lock":true,"logout":false,"native_flow":true,"flow_render_type":0},"status":"fail"}'
2022-02-05 16:37:51,321 - instabot version: 0.117.0 (api) - ERROR - Request returns 400 error!
2022-02-05 16:37:51,322 - instabot version: 0.117.0 (api) - INFO - Instagram's error message: challenge_required
2022-02-05 16:37:51,322 - instabot version: 0.117.0 (api) - INFO - Instagram's error message: {}
2022-02-05 16:37:51,326 - instabot version: 0.117.0 (bot_checkpoint) - DEBUG - Loading Checkpoint file from: /Users/siddheshzantye/Desktop/Coding/Python/Reddit2Insta-Meme-Uploader/config/never_gonnagive.checkpoint
2022-02-05 16:37:54,105 - instabot version: 0.117.0 (api_photo) - ERROR - Photo Upload failed with the following response: <Response [302]>
2022-02-05 16:37:54,106 - instabot version: 0.117.0 (bot_photo) - INFO - Photo '5n1en9iewvf81.jpg' is not uploaded.
2022-02-05 16:37:57,912 - instabot version: 0.117.0 (api_photo) - ERROR - Photo Upload failed with the following response: <Response [302]>
2022-02-05 16:37:57,913 - instabot version: 0.117.0 (bot_photo) - INFO - Photo 'pl6s8rqlvwf81.jpg' is not uploaded.
2022-02-05 16:38:01,937 - instabot version: 0.117.0 (api_photo) - ERROR - Photo Upload failed with the following response: <Response [302]>
2022-02-05 16:38:01,937 - instabot version: 0.117.0 (bot_photo) - INFO - Photo '4y67kd4y0wf81.jpg' is not uploaded.
2022-02-05 16:38:09,589 - instabot version: 0.117.0 (api_photo) - ERROR - Photo Upload failed with the following response: <Response [302]>
2022-02-05 16:38:09,589 - instabot version: 0.117.0 (bot_photo) - INFO - Photo '9q3ii22skuf81.jpg' is not uploaded.
2022-02-05 16:38:24,336 - instabot version: 0.117.0 (api_photo) - ERROR - Photo Upload failed with the following response: <Response [302]>
2022-02-05 16:38:24,337 - instabot version: 0.117.0 (bot_photo) - INFO - Photo '34lqd4viauf81.jpg' is not uploaded.
2022-02-05 16:38:28,877 - instabot version: 0.117.0 (api_photo) - ERROR - Photo Upload failed with the following response: <Response [302]>
2022-02-05 16:38:28,878 - instabot version: 0.117.0 (bot_photo) - INFO - Photo 'kodrpshp0vf81.jpg' is not uploaded.
2022-02-05 16:38:32,622 - instabot version: 0.117.0 (api_photo) - ERROR - Photo Upload failed with the following response: <Response [302]>
2022-02-05 16:38:32,623 - instabot version: 0.117.0 (bot_photo) - INFO - Photo '81ceywdcfuf81.jpg' is not uploaded.
2022-02-05 16:38:38,505 - instabot version: 0.117.0 (api_photo) - ERROR - Photo does not have a compatible photo aspect ratio.
2022-02-05 16:38:38,506 - instabot version: 0.117.0 (bot_photo) - INFO - Photo '7uy4y3drzwf81.jpg' is not uploaded.
2022-02-05 16:38:42,314 - instabot version: 0.117.0 (api_photo) - ERROR - Photo Upload failed with the following response: <Response [302]>
2022-02-05 16:38:42,315 - instabot version: 0.117.0 (bot_photo) - INFO - Photo '7q48duh6awf81.jpg' is not uploaded.
2022-02-05 16:38:46,116 - instabot version: 0.117.0 (api_photo) - ERROR - Photo Upload failed with the following response: <Response [302]>
2022-02-05 16:38:46,116 - instabot version: 0.117.0 (bot_photo) - INFO - Photo '7i3i4scvgwf81.jpg' is not uploaded.
2022-02-05 16:38:55,116 - instabot version: 0.117.0 (api_photo) - ERROR - Photo Upload failed with the following response: <Response [302]>
2022-02-05 16:38:55,116 - instabot version: 0.117.0 (bot_photo) - INFO - Photo 'ryz9mf1eewf81.jpg' is not uploaded.
2022-02-05 16:39:01,809 - instabot version: 0.117.0 (api_photo) - ERROR - Photo Upload failed with the following response: <Response [302]>
2022-02-05 16:39:01,809 - instabot version: 0.117.0 (bot_photo) - INFO - Photo 'cuoxcgtt9xf81.jpg' is not uploaded.
2022-02-05 16:39:06,159 - instabot version: 0.117.0 (api_photo) - ERROR - Photo Upload failed with the following response: <Response [302]>
2022-02-05 16:39:06,160 - instabot version: 0.117.0 (bot_photo) - INFO - Photo '0cboctxjhuf81.jpg' is not uploaded.
2022-02-05 16:39:10,188 - instabot version: 0.117.0 (api_photo) - ERROR - Photo Upload failed with the following response: <Response [302]>
2022-02-05 16:39:10,189 - instabot version: 0.117.0 (bot_photo) - INFO - Photo 'ntb3zc0kivf81.jpg' is not uploaded.
2022-02-05 16:39:16,605 - instabot version: 0.117.0 (api_photo) - ERROR - Photo Upload failed with the following response: <Response [302]>
2022-02-05 16:39:16,605 - instabot version: 0.117.0 (bot_photo) - INFO - Photo '16qr3rwixvf81.jpg' is not uploaded.
2022-02-05 16:39:20,519 - instabot version: 0.117.0 (api_photo) - ERROR - Photo Upload failed with the following response: <Response [302]>
2022-02-05 16:39:20,519 - instabot version: 0.117.0 (bot_photo) - INFO - Photo '0sc6ewshfwf81.jpg' is not uploaded.
2022-02-05 16:39:24,258 - instabot version: 0.117.0 (api_photo) - ERROR - Photo does not have a compatible photo aspect ratio.
2022-02-05 16:39:24,258 - instabot version: 0.117.0 (bot_photo) - INFO - Photo 'ongmv565otf81.jpg' is not uploaded.
2022-02-05 16:39:28,889 - instabot version: 0.117.0 (api_photo) - ERROR - Photo Upload failed with the following response: <Response [302]>
2022-02-05 16:39:28,889 - instabot version: 0.117.0 (bot_photo) - INFO - Photo 'n2g9pmgv4xf81.jpg' is not uploaded.
2022-02-05 16:39:33,787 - instabot version: 0.117.0 (api_photo) - ERROR - Photo Upload failed with the following response: <Response [302]>
2022-02-05 16:39:33,788 - instabot version: 0.117.0 (bot_photo) - INFO - Photo '1hiq5k202tf81.jpg' is not uploaded.
2022-02-05 16:39:39,007 - instabot version: 0.117.0 (api_photo) - ERROR - Photo does not have a compatible photo aspect ratio.
2022-02-05 16:39:39,008 - instabot version: 0.117.0 (bot_photo) - INFO - Photo 'r6g6o0vp1tf81.jpg' is not uploaded.
2022-02-05 16:39:44,658 - instabot version: 0.117.0 (api_photo) - ERROR - Photo does not have a compatible photo aspect ratio.
2022-02-05 16:39:44,659 - instabot version: 0.117.0 (bot_photo) - INFO - Photo '08bov8wezuf81.jpg' is not uploaded.
2022-02-05 16:39:48,608 - instabot version: 0.117.0 (api_photo) - ERROR - Photo Upload failed with the following response: <Response [302]>
2022-02-05 16:39:48,609 - instabot version: 0.117.0 (bot_photo) - INFO - Photo '1tg0r1cigvf81.jpg' is not uploaded.
2022-02-05 16:40:03,671 - instabot version: 0.117.0 (api_photo) - ERROR - Photo Upload failed with the following response: <Response [302]>
2022-02-05 16:40:03,672 - instabot version: 0.117.0 (bot_photo) - INFO - Photo 'qvxybljwhsf81.jpg' is not uploaded.
2022-02-05 16:40:09,375 - instabot version: 0.117.0 (api_photo) - ERROR - Photo does not have a compatible photo aspect ratio.
2022-02-05 16:40:09,376 - instabot version: 0.117.0 (bot_photo) - INFO - Photo 'k9fdq5vx3uf81.jpg' is not uploaded.
2022-02-05 16:40:16,068 - instabot version: 0.117.0 (api_photo) - ERROR - Photo Upload failed with the following response: <Response [302]>
2022-02-05 16:40:16,069 - instabot version: 0.117.0 (bot_photo) - INFO - Photo '1j3ij5h1uwf81.jpg' is not uploaded.
2022-02-05 16:40:21,896 - instabot version: 0.117.0 (api_photo) - ERROR - Photo does not have a compatible photo aspect ratio.
2022-02-05 16:40:21,896 - instabot version: 0.117.0 (bot_photo) - INFO - Photo 'ux90zhj8quf81.jpg' is not uploaded.
2022-02-05 16:40:26,791 - instabot version: 0.117.0 (api_photo) - ERROR - Photo Upload failed with the following response: <Response [302]>
2022-02-05 16:40:26,791 - instabot version: 0.117.0 (bot_photo) - INFO - Photo 'fi8u14a0rvf81.jpg' is not uploaded.
2022-02-05 16:40:31,355 - instabot version: 0.117.0 (api_photo) - ERROR - Photo Upload failed with the following response: <Response [302]>
2022-02-05 16:40:31,356 - instabot version: 0.117.0 (bot_photo) - INFO - Photo 'fi42ez4xtvf81.jpg' is not uploaded.
2022-02-05 16:40:45,453 - instabot version: 0.117.0 (api_photo) - ERROR - Photo Upload failed with the following response: <Response [302]>
2022-02-05 16:40:45,455 - instabot version: 0.117.0 (bot_photo) - INFO - Photo 'joova0enavf81.jpg' is not uploaded.
2022-02-05 16:40:50,432 - instabot version: 0.117.0 (api_photo) - ERROR - Photo Upload failed with the following response: <Response [302]>
2022-02-05 16:40:50,432 - instabot version: 0.117.0 (bot_photo) - INFO - Photo 'nd2s0ua8ntf81.jpg' is not uploaded.
2022-02-05 16:40:55,929 - instabot version: 0.117.0 (api_photo) - ERROR - Photo Upload failed with the following response: <Response [302]>
2022-02-05 16:40:55,930 - instabot version: 0.117.0 (bot_photo) - INFO - Photo '0mos0iju8wf81.jpg' is not uploaded.
2022-02-05 16:41:00,248 - instabot version: 0.117.0 (api_photo) - ERROR - Photo Upload failed with the following response: <Response [302]>
2022-02-05 16:41:00,249 - instabot version: 0.117.0 (bot_photo) - INFO - Photo '4anx6e0bhwf81.jpg' is not uploaded.
2022-02-05 16:41:06,340 - instabot version: 0.117.0 (api_photo) - ERROR - Photo Upload failed with the following response: <Response [302]>
2022-02-05 16:41:06,340 - instabot version: 0.117.0 (bot_photo) - INFO - Photo 'i1fsniyizwf81.jpg' is not uploaded.
2022-02-05 16:41:11,750 - instabot version: 0.117.0 (api_photo) - ERROR - Photo Upload failed with the following response: <Response [302]>
2022-02-05 16:41:11,750 - instabot version: 0.117.0 (bot_photo) - INFO - Photo 'm56i66rlrvf81.jpg' is not uploaded.
2022-02-05 16:41:20,573 - instabot version: 0.117.0 (api_photo) - ERROR - Photo Upload failed with the following response: <Response [302]>
2022-02-05 16:41:20,573 - instabot version: 0.117.0 (bot_photo) - INFO - Photo 'apw1irg3vrf81.png' is not uploaded.
2022-02-05 16:41:31,632 - instabot version: 0.117.0 (api_photo) - ERROR - Photo Upload failed with the following response: <Response [302]>
2022-02-05 16:41:31,633 - instabot version: 0.117.0 (bot_photo) - INFO - Photo 'hui6in76fuf81.jpg' is not uploaded.
2022-02-05 16:41:36,081 - instabot version: 0.117.0 (api_photo) - ERROR - Photo Upload failed with the following response: <Response [302]>
2022-02-05 16:41:36,082 - instabot version: 0.117.0 (bot_photo) - INFO - Photo 'i9pf7rim2xf81.jpg' is not uploaded.
2022-02-05 16:41:45,817 - instabot version: 0.117.0 (api_photo) - ERROR - Photo Upload failed with the following response: <Response [302]>
2022-02-05 16:41:45,818 - instabot version: 0.117.0 (bot_photo) - INFO - Photo '8c9re0399xf81.jpg' is not uploaded.
2022-02-05 16:41:50,130 - instabot version: 0.117.0 (api_photo) - ERROR - Photo Upload failed with the following response: <Response [302]>
2022-02-05 16:41:50,130 - instabot version: 0.117.0 (bot_photo) - INFO - Photo '0rhr0jz6wrf81.jpg' is not uploaded.
2022-02-05 16:41:57,348 - instabot version: 0.117.0 (api_photo) - ERROR - Photo Upload failed with the following response: <Response [302]>
2022-02-05 16:41:57,349 - instabot version: 0.117.0 (bot_photo) - INFO - Photo 'coz03dq9ewf81.jpg' is not uploaded.
2022-02-05 16:42:06,525 - instabot version: 0.117.0 (api_photo) - ERROR - Photo Upload failed with the following response: <Response [302]>
2022-02-05 16:42:06,526 - instabot version: 0.117.0 (bot_photo) - INFO - Photo 'bvvj6rl2zwf81.jpg' is not uploaded.
2022-02-05 16:42:10,154 - instabot version: 0.117.0 (api_photo) - ERROR - Photo Upload failed with the following response: <Response [302]>
2022-02-05 16:42:10,155 - instabot version: 0.117.0 (bot_photo) - INFO - Photo 'tecqv3ogguf81.jpg' is not uploaded.
2022-02-05 16:42:19,771 - instabot version: 0.117.0 (api_photo) - ERROR - Photo does not have a compatible photo aspect ratio.
2022-02-05 16:42:19,771 - instabot version: 0.117.0 (bot_photo) - INFO - Photo '42yizifpfrf81.jpg' is not uploaded.
2022-02-05 16:42:24,470 - instabot version: 0.117.0 (api_photo) - ERROR - Photo Upload failed with the following response: <Response [302]>
2022-02-05 16:42:24,471 - instabot version: 0.117.0 (bot_photo) - INFO - Photo '0xm2m1i4ivf81.jpg' is not uploaded.
2022-02-05 16:42:30,548 - instabot version: 0.117.0 (api_photo) - ERROR - Photo Upload failed with the following response: <Response [302]>
2022-02-05 16:42:30,549 - instabot version: 0.117.0 (bot_photo) - INFO - Photo 'l2r4fxxzptf81.jpg' is not uploaded.
2022-02-05 16:42:35,042 - instabot version: 0.117.0 (api_photo) - ERROR - Photo Upload failed with the following response: <Response [302]>
2022-02-05 16:42:35,043 - instabot version: 0.117.0 (bot_photo) - INFO - Photo 'iq2mor779tf81.jpg' is not uploaded.
2022-02-05 16:42:38,900 - instabot version: 0.117.0 (api_photo) - ERROR - Photo does not have a compatible photo aspect ratio.
2022-02-05 16:42:38,901 - instabot version: 0.117.0 (bot_photo) - INFO - Photo 'nrlvv0n73vf81.jpg' is not uploaded.
2022-02-05 16:42:45,375 - instabot version: 0.117.0 (api_photo) - ERROR - Photo Upload failed with the following response: <Response [302]>
2022-02-05 16:42:45,375 - instabot version: 0.117.0 (bot_photo) - INFO - Photo 'rndtguy1cuf81.jpg' is not uploaded.
2022-02-05 16:42:50,629 - instabot version: 0.117.0 (api_photo) - ERROR - Photo Upload failed with the following response: <Response [302]>
2022-02-05 16:42:50,630 - instabot version: 0.117.0 (bot_photo) - INFO - Photo '36zh36acfvf81.jpg' is not uploaded.
2022-02-05 16:42:59,711 - instabot version: 0.117.0 (api_photo) - ERROR - Photo Upload failed with the following response: <Response [302]>
2022-02-05 16:42:59,712 - instabot version: 0.117.0 (bot_photo) - INFO - Photo '59woa5hlytf81.jpg' is not uploaded.
2022-02-05 16:43:10,237 - instabot version: 0.117.0 (api_photo) - ERROR - Photo Upload failed with the following response: <Response [302]>
2022-02-05 16:43:10,237 - instabot version: 0.117.0 (bot_photo) - INFO - Photo '30hc9mrymsf81.jpg' is not uploaded.
2022-02-05 16:43:19,257 - instabot version: 0.117.0 (api_photo) - ERROR - Photo Upload failed with the following response: <Response [302]>
2022-02-05 16:43:19,258 - instabot version: 0.117.0 (bot_photo) - INFO - Photo 'szu1j9qkvsf81.jpg' is not uploaded.
2022-02-05 16:43:23,954 - instabot version: 0.117.0 (api_photo) - ERROR - Photo Upload failed with the following response: <Response [302]>
2022-02-05 16:43:23,954 - instabot version: 0.117.0 (bot_photo) - INFO - Photo 'malu2w1dnuf81.jpg' is not uploaded.
2022-02-05 16:43:30,670 - instabot version: 0.117.0 (api_photo) - ERROR - Photo does not have a compatible photo aspect ratio.
2022-02-05 16:43:30,670 - instabot version: 0.117.0 (bot_photo) - INFO - Photo 'm7kqosg0luf81.jpg' is not uploaded.
2022-02-05 16:43:37,522 - instabot version: 0.117.0 (api_photo) - ERROR - Photo Upload failed with the following response: <Response [302]>
2022-02-05 16:43:37,523 - instabot version: 0.117.0 (bot_photo) - INFO - Photo 'qhl2ew4mtvf81.jpg' is not uploaded.
2022-02-05 16:43:45,311 - instabot version: 0.117.0 (api_photo) - ERROR - Photo Upload failed with the following response: <Response [302]>
2022-02-05 16:43:45,312 - instabot version: 0.117.0 (bot_photo) - INFO - Photo 'ub66ol4j5sf81.jpg' is not uploaded.
2022-02-05 16:43:49,544 - instabot version: 0.117.0 (api_photo) - ERROR - Photo Upload failed with the following response: <Response [302]>
2022-02-05 16:43:49,545 - instabot version: 0.117.0 (bot_photo) - INFO - Photo 'jgxsh8gfzsf81.jpg' is not uploaded.
2022-02-05 16:43:56,043 - instabot version: 0.117.0 (api_photo) - ERROR - Photo Upload failed with the following response: <Response [302]>
2022-02-05 16:43:56,044 - instabot version: 0.117.0 (bot_photo) - INFO - Photo '8s5tsjkj3vf81.jpg' is not uploaded.
2022-02-05 16:44:01,322 - instabot version: 0.117.0 (api_photo) - ERROR - Photo Upload failed with the following response: <Response [302]>
2022-02-05 16:44:01,322 - instabot version: 0.117.0 (bot_photo) - INFO - Photo '5gep68v6ktf81.png' is not uploaded.
2022-02-05 16:44:07,353 - instabot version: 0.117.0 (api_photo) - ERROR - Photo does not have a compatible photo aspect ratio.
2022-02-05 16:44:07,355 - instabot version: 0.117.0 (bot_photo) - INFO - Photo '1o8tzci1iwf81.jpg' is not uploaded.
2022-02-05 16:44:13,342 - instabot version: 0.117.0 (api_photo) - ERROR - Photo Upload failed with the following response: <Response [302]>
2022-02-05 16:44:13,342 - instabot version: 0.117.0 (bot_photo) - INFO - Photo 'sng5knc2ouf81.jpg' is not uploaded.
2022-02-05 16:44:19,695 - instabot version: 0.117.0 (api_photo) - ERROR - Photo Upload failed with the following response: <Response [302]>
2022-02-05 16:44:19,696 - instabot version: 0.117.0 (bot_photo) - INFO - Photo 'bd0wapdb3tf81.jpg' is not uploaded.
2022-02-05 16:44:23,727 - instabot version: 0.117.0 (api_photo) - ERROR - Photo Upload failed with the following response: <Response [302]>
2022-02-05 16:44:23,727 - instabot version: 0.117.0 (bot_photo) - INFO - Photo '45dfsf3avtf81.jpg' is not uploaded.
2022-02-05 16:44:29,434 - instabot version: 0.117.0 (api_photo) - ERROR - Photo does not have a compatible photo aspect ratio.
2022-02-05 16:44:29,435 - instabot version: 0.117.0 (bot_photo) - INFO - Photo 'dgoyxtdwwuf81.png' is not uploaded.
2022-02-05 16:44:33,950 - instabot version: 0.117.0 (api_photo) - ERROR - Photo does not have a compatible photo aspect ratio.
2022-02-05 16:44:33,950 - instabot version: 0.117.0 (bot_photo) - INFO - Photo 'bll8cregzvf81.jpg' is not uploaded.
2022-02-05 16:44:40,223 - instabot version: 0.117.0 (api_photo) - ERROR - Photo Upload failed with the following response: <Response [302]>
2022-02-05 16:44:40,224 - instabot version: 0.117.0 (bot_photo) - INFO - Photo 'ekba2mc33rf81.jpg' is not uploaded.
2022-02-05 16:44:53,152 - instabot version: 0.117.0 (api_photo) - ERROR - Photo does not have a compatible photo aspect ratio.
2022-02-05 16:44:53,154 - instabot version: 0.117.0 (bot_photo) - INFO - Photo '2gyj255d3uf81.jpg' is not uploaded.
2022-02-05 16:45:02,043 - instabot version: 0.117.0 (api_photo) - ERROR - Photo Upload failed with the following response: <Response [302]>
2022-02-05 16:45:02,043 - instabot version: 0.117.0 (bot_photo) - INFO - Photo 'g8ll3onkvuf81.jpg' is not uploaded.
2022-02-05 16:45:07,385 - instabot version: 0.117.0 (api_photo) - ERROR - Photo Upload failed with the following response: <Response [302]>
2022-02-05 16:45:07,385 - instabot version: 0.117.0 (bot_photo) - INFO - Photo 'ybd0cenppvf81.jpg' is not uploaded.
2022-02-05 16:45:13,985 - instabot version: 0.117.0 (api_photo) - ERROR - Photo does not have a compatible photo aspect ratio.
2022-02-05 16:45:13,985 - instabot version: 0.117.0 (bot_photo) - INFO - Photo 'xdx6eze76tf81.jpg' is not uploaded.
2022-02-05 16:45:24,691 - instabot version: 0.117.0 (api_photo) - ERROR - Photo Upload failed with the following response: <Response [302]>
2022-02-05 16:45:24,691 - instabot version: 0.117.0 (bot_photo) - INFO - Photo 'nq0she07cqf81.jpg' is not uploaded.
2022-02-05 16:45:34,680 - instabot version: 0.117.0 (api_photo) - ERROR - Photo does not have a compatible photo aspect ratio.
2022-02-05 16:45:34,680 - instabot version: 0.117.0 (bot_photo) - INFO - Photo 'u1w3i2m1axf81.jpg' is not uploaded.
2022-02-05 16:45:44,572 - instabot version: 0.117.0 (api_photo) - ERROR - Photo Upload failed with the following response: <Response [302]>
2022-02-05 16:45:44,573 - instabot version: 0.117.0 (bot_photo) - INFO - Photo 'elfz0lganqf81.jpg' is not uploaded.
2022-02-05 16:45:52,561 - instabot version: 0.117.0 (api_photo) - ERROR - Photo Upload failed with the following response: <Response [302]>
2022-02-05 16:45:52,561 - instabot version: 0.117.0 (bot_photo) - INFO - Photo 'mu6xo84rixf81.jpg' is not uploaded.
2022-02-05 16:45:57,006 - instabot version: 0.117.0 (api_photo) - ERROR - Photo does not have a compatible photo aspect ratio.
2022-02-05 16:45:57,007 - instabot version: 0.117.0 (bot_photo) - INFO - Photo 'rm9ajhdr6rf81.png' is not uploaded.
2022-02-05 16:46:02,503 - instabot version: 0.117.0 (api_photo) - ERROR - Photo Upload failed with the following response: <Response [302]>
2022-02-05 16:46:02,503 - instabot version: 0.117.0 (bot_photo) - INFO - Photo 'axkgagaqrwf81.jpg' is not uploaded.
2022-02-05 16:46:07,468 - instabot version: 0.117.0 (api_photo) - ERROR - Photo Upload failed with the following response: <Response [302]>
2022-02-05 16:46:07,468 - instabot version: 0.117.0 (bot_photo) - INFO - Photo 'nuifdawt4uf81.jpg' is not uploaded.
2022-02-05 16:46:13,764 - instabot version: 0.117.0 (api_photo) - ERROR - Photo Upload failed with the following response: <Response [302]>
2022-02-05 16:46:13,764 - instabot version: 0.117.0 (bot_photo) - INFO - Photo 'hj64xjxuuwf81.jpg' is not uploaded.
2022-02-05 16:46:20,087 - instabot version: 0.117.0 (api_photo) - ERROR - Photo Upload failed with the following response: <Response [302]>
2022-02-05 16:46:20,088 - instabot version: 0.117.0 (bot_photo) - INFO - Photo '7q8f6euoyuf81.jpg' is not uploaded.
2022-02-05 16:46:29,034 - instabot version: 0.117.0 (api_photo) - ERROR - Photo does not have a compatible photo aspect ratio.
2022-02-05 16:46:29,035 - instabot version: 0.117.0 (bot_photo) - INFO - Photo 'bln5mb231wf81.jpg' is not uploaded.
2022-02-05 16:46:43,250 - instabot version: 0.117.0 (api_photo) - ERROR - Photo Upload failed with the following response: <Response [302]>
2022-02-05 16:46:43,252 - instabot version: 0.117.0 (bot_photo) - INFO - Photo '3rvihy77tuf81.jpg' is not uploaded.
2022-02-05 16:46:47,682 - instabot version: 0.117.0 (api_photo) - ERROR - Photo Upload failed with the following response: <Response [302]>
2022-02-05 16:46:47,683 - instabot version: 0.117.0 (bot_photo) - INFO - Photo 'p1gp6g6c1vf81.jpg' is not uploaded.
2022-02-05 16:46:57,894 - instabot version: 0.117.0 (api_photo) - ERROR - Photo Upload failed with the following response: <Response [302]>
2022-02-05 16:46:57,895 - instabot version: 0.117.0 (bot_photo) - INFO - Photo 'mi0jrzvhrwf81.jpg' is not uploaded.
2022-02-05 16:47:07,052 - instabot version: 0.117.0 (api_photo) - ERROR - Photo Upload failed with the following response: <Response [302]>
2022-02-05 16:47:07,053 - instabot version: 0.117.0 (bot_photo) - INFO - Photo 'ksiubugbuvf81.jpg' is not uploaded.
2022-02-05 16:47:11,556 - instabot version: 0.117.0 (api_photo) - ERROR - Photo does not have a compatible photo aspect ratio.
2022-02-05 16:47:11,557 - instabot version: 0.117.0 (bot_photo) - INFO - Photo 'z8yf5v7dawf81.jpg' is not uploaded.
2022-02-05 16:47:17,013 - instabot version: 0.117.0 (api_photo) - ERROR - Photo Upload failed with the following response: <Response [302]>
2022-02-05 16:47:17,013 - instabot version: 0.117.0 (bot_photo) - INFO - Photo 'p1jqjdkrkqf81.jpg' is not uploaded.
2022-02-05 16:47:22,495 - instabot version: 0.117.0 (api_photo) - ERROR - Photo does not have a compatible photo aspect ratio.
2022-02-05 16:47:22,497 - instabot version: 0.117.0 (bot_photo) - INFO - Photo 'ngup05t4jvf81.png' is not uploaded.
2022-02-05 16:47:30,797 - instabot version: 0.117.0 (api_photo) - ERROR - Photo does not have a compatible photo aspect ratio.
2022-02-05 16:47:30,797 - instabot version: 0.117.0 (bot_photo) - INFO - Photo 'y3hg1pjbkvf81.jpg' is not uploaded.
2022-02-05 16:47:34,646 - instabot version: 0.117.0 (api_photo) - ERROR - Photo does not have a compatible photo aspect ratio.
2022-02-05 16:47:34,646 - instabot version: 0.117.0 (bot_photo) - INFO - Photo 'j9svxae4sof81.jpg' is not uploaded.
2022-02-05 16:47:39,720 - instabot version: 0.117.0 (api_photo) - ERROR - Photo Upload failed with the following response: <Response [302]>
2022-02-05 16:47:39,721 - instabot version: 0.117.0 (bot_photo) - INFO - Photo 'di5uu5aq7wf81.jpg' is not uploaded.
2022-02-05 16:47:41,939 - instabot version: 0.117.0 (bot_checkpoint) - DEBUG - Saving Checkpoint file to: /Users/siddheshzantye/Desktop/Coding/Python/Reddit2Insta-Meme-Uploader/config/never_gonnagive.checkpoint
2022-02-05 16:47:41,940 - instabot version: 0.117.0 (bot) - INFO - Total requests: 137
