2021-12-10 11:54:12,396 - instabot version: 0.117.0 (bot) - INFO - Instabot version: 0.117.0 Started
2021-12-10 11:54:12,396 - instabot version: 0.117.0 (bot) - DEBUG - Bot imported from /Library/Frameworks/Python.framework/Versions/3.10/lib/python3.10/site-packages/instabot/bot/bot.py
2021-12-10 11:54:12,397 - instabot version: 0.117.0 (api_login) - INFO - Not yet logged in starting: PRE-LOGIN FLOW!
2021-12-10 11:54:12,678 - instabot version: 0.117.0 (api) - DEBUG - POST to endpoint: accounts/get_prefill_candidates/ returned response: <Response [200]>
2021-12-10 11:54:12,936 - instabot version: 0.117.0 (api) - DEBUG - POST to endpoint: qe/sync/ returned response: <Response [200]>
2021-12-10 11:54:13,185 - instabot version: 0.117.0 (api) - DEBUG - POST to endpoint: launcher/sync/ returned response: <Response [200]>
2021-12-10 11:54:13,593 - instabot version: 0.117.0 (api) - DEBUG - POST to endpoint: accounts/contact_point_prefill/ returned response: <Response [200]>
2021-12-10 11:54:14,720 - instabot version: 0.117.0 (api) - DEBUG - POST to endpoint: accounts/login/ returned response: <Response [200]>
2021-12-10 11:54:14,720 - instabot version: 0.117.0 (api) - INFO - Logged-in successfully as 'never_gonnagive'!
2021-12-10 11:54:14,721 - instabot version: 0.117.0 (api_login) - INFO - LOGIN FLOW! Just logged-in: True
2021-12-10 11:54:15,014 - instabot version: 0.117.0 (api) - DEBUG - POST to endpoint: qe/sync/ returned response: <Response [400]>
2021-12-10 11:54:15,014 - instabot version: 0.117.0 (api) - DEBUG - Responsecode indicates error; response content: b'{"message":"challenge_required","challenge":{"url":"https://i.instagram.com/challenge/?next=/api/v1/qe/sync/","api_path":"/challenge/","hide_webview_header":true,"lock":true,"logout":false,"native_flow":true,"flow_render_type":0},"status":"fail"}'
2021-12-10 11:54:15,015 - instabot version: 0.117.0 (api) - ERROR - Request returns 400 error!
2021-12-10 11:54:15,015 - instabot version: 0.117.0 (api) - INFO - Instagram's error message: challenge_required
2021-12-10 11:54:15,015 - instabot version: 0.117.0 (api) - INFO - Instagram's error message: {}
2021-12-10 11:54:15,244 - instabot version: 0.117.0 (api) - DEBUG - POST to endpoint: launcher/sync/ returned response: <Response [400]>
2021-12-10 11:54:15,244 - instabot version: 0.117.0 (api) - DEBUG - Responsecode indicates error; response content: b'{"message":"challenge_required","challenge":{"url":"https://i.instagram.com/challenge/?next=/api/v1/launcher/sync/","api_path":"/challenge/","hide_webview_header":true,"lock":true,"logout":false,"native_flow":true,"flow_render_type":0},"status":"fail"}'
2021-12-10 11:54:15,244 - instabot version: 0.117.0 (api) - ERROR - Request returns 400 error!
2021-12-10 11:54:15,244 - instabot version: 0.117.0 (api) - INFO - Instagram's error message: challenge_required
2021-12-10 11:54:15,244 - instabot version: 0.117.0 (api) - INFO - Instagram's error message: {}
2021-12-10 11:54:15,480 - instabot version: 0.117.0 (api) - DEBUG - GET to endpoint: zr/token/result/?device_id=android-f3b834f4e29269d3&token_hash=&custom_device_id=android-f3b834f4e29269d3&fetch_reason=token_expired returned response: <Response [400]>
2021-12-10 11:54:15,480 - instabot version: 0.117.0 (api) - DEBUG - Responsecode indicates error; response content: b'{"message":"challenge_required","challenge":{"url":"https://i.instagram.com/challenge/?next=/api/v1/zr/token/result/%253Fdevice_id%253Dandroid-f3b834f4e29269d3%2526token_hash%253D%2526custom_device_id%253Dandroid-f3b834f4e29269d3%2526fetch_reason%253Dtoken_expired","api_path":"/challenge/","hide_webview_header":true,"lock":true,"logout":false,"native_flow":true,"flow_render_type":0},"status":"fail"}'
2021-12-10 11:54:15,480 - instabot version: 0.117.0 (api) - ERROR - Request returns 400 error!
2021-12-10 11:54:15,480 - instabot version: 0.117.0 (api) - INFO - Instagram's error message: challenge_required
2021-12-10 11:54:15,480 - instabot version: 0.117.0 (api) - INFO - Instagram's error message: {}
2021-12-10 11:54:15,707 - instabot version: 0.117.0 (api) - DEBUG - GET to endpoint: multiple_accounts/get_account_family/ returned response: <Response [400]>
2021-12-10 11:54:15,707 - instabot version: 0.117.0 (api) - DEBUG - Responsecode indicates error; response content: b'{"message":"challenge_required","challenge":{"url":"https://i.instagram.com/challenge/?next=/api/v1/multiple_accounts/get_account_family/","api_path":"/challenge/","hide_webview_header":true,"lock":true,"logout":false,"native_flow":true,"flow_render_type":0},"status":"fail"}'
2021-12-10 11:54:15,707 - instabot version: 0.117.0 (api) - ERROR - Request returns 400 error!
2021-12-10 11:54:15,708 - instabot version: 0.117.0 (api) - INFO - Instagram's error message: challenge_required
2021-12-10 11:54:15,708 - instabot version: 0.117.0 (api) - INFO - Instagram's error message: {}
2021-12-10 11:54:15,964 - instabot version: 0.117.0 (api) - DEBUG - POST to endpoint: qe/sync/ returned response: <Response [400]>
2021-12-10 11:54:15,964 - instabot version: 0.117.0 (api) - DEBUG - Responsecode indicates error; response content: b'{"message":"challenge_required","challenge":{"url":"https://i.instagram.com/challenge/?next=/api/v1/qe/sync/","api_path":"/challenge/","hide_webview_header":true,"lock":true,"logout":false,"native_flow":true,"flow_render_type":0},"status":"fail"}'
2021-12-10 11:54:15,964 - instabot version: 0.117.0 (api) - ERROR - Request returns 400 error!
2021-12-10 11:54:15,964 - instabot version: 0.117.0 (api) - INFO - Instagram's error message: challenge_required
2021-12-10 11:54:15,964 - instabot version: 0.117.0 (api) - INFO - Instagram's error message: {}
2021-12-10 11:54:16,219 - instabot version: 0.117.0 (api) - DEBUG - GET to endpoint: igtv/browse_feed/?prefetch=1 returned response: <Response [400]>
2021-12-10 11:54:16,219 - instabot version: 0.117.0 (api) - DEBUG - Responsecode indicates error; response content: b'{"message":"challenge_required","challenge":{"url":"https://i.instagram.com/challenge/?next=/api/v1/igtv/browse_feed/%253Fprefetch%253D1","api_path":"/challenge/","hide_webview_header":true,"lock":true,"logout":false,"native_flow":true,"flow_render_type":0},"status":"fail"}'
2021-12-10 11:54:16,219 - instabot version: 0.117.0 (api) - ERROR - Request returns 400 error!
2021-12-10 11:54:16,219 - instabot version: 0.117.0 (api) - INFO - Instagram's error message: challenge_required
2021-12-10 11:54:16,219 - instabot version: 0.117.0 (api) - INFO - Instagram's error message: {}
2021-12-10 11:54:16,462 - instabot version: 0.117.0 (api) - DEBUG - POST to endpoint: creatives/ar_class/ returned response: <Response [400]>
2021-12-10 11:54:16,462 - instabot version: 0.117.0 (api) - DEBUG - Responsecode indicates error; response content: b'{"message":"challenge_required","challenge":{"url":"https://i.instagram.com/challenge/?next=/api/v1/creatives/ar_class/","api_path":"/challenge/","hide_webview_header":true,"lock":true,"logout":false,"native_flow":true,"flow_render_type":0},"status":"fail"}'
2021-12-10 11:54:16,462 - instabot version: 0.117.0 (api) - ERROR - Request returns 400 error!
2021-12-10 11:54:16,463 - instabot version: 0.117.0 (api) - INFO - Instagram's error message: challenge_required
2021-12-10 11:54:16,463 - instabot version: 0.117.0 (api) - INFO - Instagram's error message: {}
2021-12-10 11:54:16,700 - instabot version: 0.117.0 (api) - DEBUG - POST to endpoint: feed/reels_tray/ returned response: <Response [400]>
2021-12-10 11:54:16,700 - instabot version: 0.117.0 (api) - DEBUG - Responsecode indicates error; response content: b'{"message":"challenge_required","challenge":{"url":"https://i.instagram.com/challenge/?next=/api/v1/feed/reels_tray/","api_path":"/challenge/","hide_webview_header":true,"lock":true,"logout":false,"native_flow":true,"flow_render_type":0},"status":"fail"}'
2021-12-10 11:54:16,700 - instabot version: 0.117.0 (api) - ERROR - Request returns 400 error!
2021-12-10 11:54:16,701 - instabot version: 0.117.0 (api) - INFO - Instagram's error message: challenge_required
2021-12-10 11:54:16,701 - instabot version: 0.117.0 (api) - INFO - Instagram's error message: {}
2021-12-10 11:54:16,981 - instabot version: 0.117.0 (api) - DEBUG - POST to endpoint: feed/timeline/ returned response: <Response [400]>
2021-12-10 11:54:16,981 - instabot version: 0.117.0 (api) - DEBUG - Responsecode indicates error; response content: b'{"message":"challenge_required","challenge":{"url":"https://i.instagram.com/challenge/?next=/api/v1/feed/timeline/","api_path":"/challenge/","hide_webview_header":true,"lock":true,"logout":false,"native_flow":true,"flow_render_type":0},"status":"fail"}'
2021-12-10 11:54:16,982 - instabot version: 0.117.0 (api) - ERROR - Request returns 400 error!
2021-12-10 11:54:16,982 - instabot version: 0.117.0 (api) - INFO - Instagram's error message: challenge_required
2021-12-10 11:54:16,982 - instabot version: 0.117.0 (api) - INFO - Instagram's error message: {}
2021-12-10 11:54:17,212 - instabot version: 0.117.0 (api) - DEBUG - GET to endpoint: media/blocked/ returned response: <Response [400]>
2021-12-10 11:54:17,212 - instabot version: 0.117.0 (api) - DEBUG - Responsecode indicates error; response content: b'{"message":"challenge_required","challenge":{"url":"https://i.instagram.com/challenge/?next=/api/v1/media/blocked/","api_path":"/challenge/","hide_webview_header":true,"lock":true,"logout":false,"native_flow":true,"flow_render_type":0},"status":"fail"}'
2021-12-10 11:54:17,212 - instabot version: 0.117.0 (api) - ERROR - Request returns 400 error!
2021-12-10 11:54:17,212 - instabot version: 0.117.0 (api) - INFO - Instagram's error message: challenge_required
2021-12-10 11:54:17,212 - instabot version: 0.117.0 (api) - INFO - Instagram's error message: {}
2021-12-10 11:54:17,451 - instabot version: 0.117.0 (api) - DEBUG - GET to endpoint: news/inbox/ returned response: <Response [400]>
2021-12-10 11:54:17,452 - instabot version: 0.117.0 (api) - DEBUG - Responsecode indicates error; response content: b'{"message":"challenge_required","challenge":{"url":"https://i.instagram.com/challenge/?next=/api/v1/news/inbox/","api_path":"/challenge/","hide_webview_header":true,"lock":true,"logout":false,"native_flow":true,"flow_render_type":0},"status":"fail"}'
2021-12-10 11:54:17,452 - instabot version: 0.117.0 (api) - ERROR - Request returns 400 error!
2021-12-10 11:54:17,452 - instabot version: 0.117.0 (api) - INFO - Instagram's error message: challenge_required
2021-12-10 11:54:17,452 - instabot version: 0.117.0 (api) - INFO - Instagram's error message: {}
2021-12-10 11:54:17,703 - instabot version: 0.117.0 (api) - DEBUG - GET to endpoint: loom/fetch_config/ returned response: <Response [400]>
2021-12-10 11:54:17,704 - instabot version: 0.117.0 (api) - DEBUG - Responsecode indicates error; response content: b'{"message":"challenge_required","challenge":{"url":"https://i.instagram.com/challenge/?next=/api/v1/loom/fetch_config/","api_path":"/challenge/","hide_webview_header":true,"lock":true,"logout":false,"native_flow":true,"flow_render_type":0},"status":"fail"}'
2021-12-10 11:54:17,704 - instabot version: 0.117.0 (api) - ERROR - Request returns 400 error!
2021-12-10 11:54:17,704 - instabot version: 0.117.0 (api) - INFO - Instagram's error message: challenge_required
2021-12-10 11:54:17,704 - instabot version: 0.117.0 (api) - INFO - Instagram's error message: {}
2021-12-10 11:54:17,957 - instabot version: 0.117.0 (api) - DEBUG - GET to endpoint: scores/bootstrap/users/?surfaces=["autocomplete_user_list","coefficient_besties_list_ranking","coefficient_rank_recipient_user_suggestion","coefficient_ios_section_test_bootstrap_ranking","coefficient_direct_recipients_ranking_variant_2"] returned response: <Response [400]>
2021-12-10 11:54:17,957 - instabot version: 0.117.0 (api) - DEBUG - Responsecode indicates error; response content: b'{"message":"challenge_required","challenge":{"url":"https://i.instagram.com/challenge/?next=/api/v1/scores/bootstrap/users/%253Fsurfaces%253D%25255B%252522autocomplete_user_list%252522%252C%252522coefficient_besties_list_ranking%252522%252C%252522coefficient_rank_recipient_user_suggestion%252522%252C%252522coefficient_ios_section_test_bootstrap_ranking%252522%252C%252522coefficient_direct_recipients_ranking_variant_2%252522%25255D","api_path":"/challenge/","hide_webview_header":true,"lock":true,"logout":false,"native_flow":true,"flow_render_type":0},"status":"fail"}'
2021-12-10 11:54:17,957 - instabot version: 0.117.0 (api) - ERROR - Request returns 400 error!
2021-12-10 11:54:17,957 - instabot version: 0.117.0 (api) - INFO - Instagram's error message: challenge_required
2021-12-10 11:54:17,958 - instabot version: 0.117.0 (api) - INFO - Instagram's error message: {}
2021-12-10 11:54:18,187 - instabot version: 0.117.0 (api) - DEBUG - GET to endpoint: business/eligibility/get_monetization_products_eligibility_data/?product_types=branded_content returned response: <Response [400]>
2021-12-10 11:54:18,187 - instabot version: 0.117.0 (api) - DEBUG - Responsecode indicates error; response content: b'{"message":"challenge_required","challenge":{"url":"https://i.instagram.com/challenge/?next=/api/v1/business/eligibility/get_monetization_products_eligibility_data/%253Fproduct_types%253Dbranded_content","api_path":"/challenge/","hide_webview_header":true,"lock":true,"logout":false,"native_flow":true,"flow_render_type":0},"status":"fail"}'
2021-12-10 11:54:18,187 - instabot version: 0.117.0 (api) - ERROR - Request returns 400 error!
2021-12-10 11:54:18,187 - instabot version: 0.117.0 (api) - INFO - Instagram's error message: challenge_required
2021-12-10 11:54:18,187 - instabot version: 0.117.0 (api) - INFO - Instagram's error message: {}
2021-12-10 11:54:18,419 - instabot version: 0.117.0 (api) - DEBUG - GET to endpoint: business/branded_content/should_require_professional_account/ returned response: <Response [400]>
2021-12-10 11:54:18,419 - instabot version: 0.117.0 (api) - DEBUG - Responsecode indicates error; response content: b'{"message":"challenge_required","challenge":{"url":"https://i.instagram.com/challenge/?next=/api/v1/business/branded_content/should_require_professional_account/","api_path":"/challenge/","hide_webview_header":true,"lock":true,"logout":false,"native_flow":true,"flow_render_type":0},"status":"fail"}'
2021-12-10 11:54:18,419 - instabot version: 0.117.0 (api) - ERROR - Request returns 400 error!
2021-12-10 11:54:18,420 - instabot version: 0.117.0 (api) - INFO - Instagram's error message: challenge_required
2021-12-10 11:54:18,420 - instabot version: 0.117.0 (api) - INFO - Instagram's error message: {}
2021-12-10 11:54:18,660 - instabot version: 0.117.0 (api) - DEBUG - GET to endpoint: linked_accounts/get_linkage_status/ returned response: <Response [400]>
2021-12-10 11:54:18,661 - instabot version: 0.117.0 (api) - DEBUG - Responsecode indicates error; response content: b'{"message":"challenge_required","challenge":{"url":"https://i.instagram.com/challenge/?next=/api/v1/linked_accounts/get_linkage_status/","api_path":"/challenge/","hide_webview_header":true,"lock":true,"logout":false,"native_flow":true,"flow_render_type":0},"status":"fail"}'
2021-12-10 11:54:18,661 - instabot version: 0.117.0 (api) - ERROR - Request returns 400 error!
2021-12-10 11:54:18,661 - instabot version: 0.117.0 (api) - INFO - Instagram's error message: challenge_required
2021-12-10 11:54:18,661 - instabot version: 0.117.0 (api) - INFO - Instagram's error message: {}
2021-12-10 11:54:18,903 - instabot version: 0.117.0 (api) - DEBUG - GET to endpoint: locations/request_country/ returned response: <Response [400]>
2021-12-10 11:54:18,904 - instabot version: 0.117.0 (api) - DEBUG - Responsecode indicates error; response content: b'{"message":"challenge_required","challenge":{"url":"https://i.instagram.com/challenge/?next=/api/v1/locations/request_country/","api_path":"/challenge/","hide_webview_header":true,"lock":true,"logout":false,"native_flow":true,"flow_render_type":0},"status":"fail"}'
2021-12-10 11:54:18,904 - instabot version: 0.117.0 (api) - ERROR - Request returns 400 error!
2021-12-10 11:54:18,904 - instabot version: 0.117.0 (api) - INFO - Instagram's error message: challenge_required
2021-12-10 11:54:18,904 - instabot version: 0.117.0 (api) - INFO - Instagram's error message: {}
2021-12-10 11:54:19,134 - instabot version: 0.117.0 (api) - DEBUG - GET to endpoint: qp/get_cooldowns/?signed_body=signed_body=4b9c516a5410a3bc128e09c6104a7f042146b9c2023870560c63a43a7f66781c.4&ig_sig_key_version=4&ig_sig_key_version=4 returned response: <Response [400]>
2021-12-10 11:54:19,134 - instabot version: 0.117.0 (api) - DEBUG - Responsecode indicates error; response content: b'{"message":"challenge_required","challenge":{"url":"https://i.instagram.com/challenge/?next=/api/v1/qp/get_cooldowns/%253Fsigned_body%253Dsigned_body%253D4b9c516a5410a3bc128e09c6104a7f042146b9c2023870560c63a43a7f66781c.4%2526ig_sig_key_version%253D4%2526ig_sig_key_version%253D4","api_path":"/challenge/","hide_webview_header":true,"lock":true,"logout":false,"native_flow":true,"flow_render_type":0},"status":"fail"}'
2021-12-10 11:54:19,135 - instabot version: 0.117.0 (api) - ERROR - Request returns 400 error!
2021-12-10 11:54:19,135 - instabot version: 0.117.0 (api) - INFO - Instagram's error message: challenge_required
2021-12-10 11:54:19,135 - instabot version: 0.117.0 (api) - INFO - Instagram's error message: {}
2021-12-10 11:54:19,375 - instabot version: 0.117.0 (api) - DEBUG - GET to endpoint: users/arlink_download_info/?version_override=2.2.1 returned response: <Response [400]>
2021-12-10 11:54:19,376 - instabot version: 0.117.0 (api) - DEBUG - Responsecode indicates error; response content: b'{"message":"challenge_required","challenge":{"url":"https://i.instagram.com/challenge/?next=/api/v1/users/arlink_download_info/%253Fversion_override%253D2.2.1","api_path":"/challenge/","hide_webview_header":true,"lock":true,"logout":false,"native_flow":true,"flow_render_type":0},"status":"fail"}'
2021-12-10 11:54:19,376 - instabot version: 0.117.0 (api) - ERROR - Request returns 400 error!
2021-12-10 11:54:19,376 - instabot version: 0.117.0 (api) - INFO - Instagram's error message: challenge_required
2021-12-10 11:54:19,376 - instabot version: 0.117.0 (api) - INFO - Instagram's error message: {}
2021-12-10 11:54:19,615 - instabot version: 0.117.0 (api) - DEBUG - GET to endpoint: users/44906261598/info/ returned response: <Response [400]>
2021-12-10 11:54:19,615 - instabot version: 0.117.0 (api) - DEBUG - Responsecode indicates error; response content: b'{"message":"challenge_required","challenge":{"url":"https://i.instagram.com/challenge/?next=/api/v1/users/44906261598/info/","api_path":"/challenge/","hide_webview_header":true,"lock":true,"logout":false,"native_flow":true,"flow_render_type":0},"status":"fail"}'
2021-12-10 11:54:19,615 - instabot version: 0.117.0 (api) - ERROR - Request returns 400 error!
2021-12-10 11:54:19,616 - instabot version: 0.117.0 (api) - INFO - Instagram's error message: challenge_required
2021-12-10 11:54:19,616 - instabot version: 0.117.0 (api) - INFO - Instagram's error message: {}
2021-12-10 11:54:19,853 - instabot version: 0.117.0 (api) - DEBUG - GET to endpoint: direct_v2/get_presence/ returned response: <Response [400]>
2021-12-10 11:54:19,854 - instabot version: 0.117.0 (api) - DEBUG - Responsecode indicates error; response content: b'{"message":"challenge_required","challenge":{"url":"https://i.instagram.com/challenge/?next=/api/v1/direct_v2/get_presence/","api_path":"/challenge/","hide_webview_header":true,"lock":true,"logout":false,"native_flow":true,"flow_render_type":0},"status":"fail"}'
2021-12-10 11:54:19,854 - instabot version: 0.117.0 (api) - ERROR - Request returns 400 error!
2021-12-10 11:54:19,854 - instabot version: 0.117.0 (api) - INFO - Instagram's error message: challenge_required
2021-12-10 11:54:19,854 - instabot version: 0.117.0 (api) - INFO - Instagram's error message: {}
2021-12-10 11:54:20,090 - instabot version: 0.117.0 (api) - DEBUG - GET to endpoint: direct_v2/inbox/?visual_message_return_type=unseen&thread_message_limit=10&persistentBadging=true&limit=20 returned response: <Response [400]>
2021-12-10 11:54:20,091 - instabot version: 0.117.0 (api) - DEBUG - Responsecode indicates error; response content: b'{"message":"challenge_required","challenge":{"url":"https://i.instagram.com/challenge/?next=/api/v1/direct_v2/inbox/%253Fvisual_message_return_type%253Dunseen%2526thread_message_limit%253D10%2526persistentBadging%253Dtrue%2526limit%253D20","api_path":"/challenge/","hide_webview_header":true,"lock":true,"logout":false,"native_flow":true,"flow_render_type":0},"status":"fail"}'
2021-12-10 11:54:20,091 - instabot version: 0.117.0 (api) - ERROR - Request returns 400 error!
2021-12-10 11:54:20,091 - instabot version: 0.117.0 (api) - INFO - Instagram's error message: challenge_required
2021-12-10 11:54:20,091 - instabot version: 0.117.0 (api) - INFO - Instagram's error message: {}
2021-12-10 11:54:20,331 - instabot version: 0.117.0 (api) - DEBUG - GET to endpoint: direct_v2/inbox/?visual_message_return_type=unseen&persistentBadging=true&limit=0 returned response: <Response [400]>
2021-12-10 11:54:20,331 - instabot version: 0.117.0 (api) - DEBUG - Responsecode indicates error; response content: b'{"message":"challenge_required","challenge":{"url":"https://i.instagram.com/challenge/?next=/api/v1/direct_v2/inbox/%253Fvisual_message_return_type%253Dunseen%2526persistentBadging%253Dtrue%2526limit%253D0","api_path":"/challenge/","hide_webview_header":true,"lock":true,"logout":false,"native_flow":true,"flow_render_type":0},"status":"fail"}'
2021-12-10 11:54:20,332 - instabot version: 0.117.0 (api) - ERROR - Request returns 400 error!
2021-12-10 11:54:20,332 - instabot version: 0.117.0 (api) - INFO - Instagram's error message: challenge_required
2021-12-10 11:54:20,332 - instabot version: 0.117.0 (api) - INFO - Instagram's error message: {}
2021-12-10 11:54:20,573 - instabot version: 0.117.0 (api) - DEBUG - GET to endpoint: discover/topical_explore/?is_prefetch=true&omit_cover_media=true&use_sectional_payload=true&timezone_offset=0&session_id=37e6b3d7-e615-45f3-b83a-6acb6ee6f4ab&include_fixed_destinations=true returned response: <Response [400]>
2021-12-10 11:54:20,573 - instabot version: 0.117.0 (api) - DEBUG - Responsecode indicates error; response content: b'{"message":"challenge_required","challenge":{"url":"https://i.instagram.com/challenge/?next=/api/v1/discover/topical_explore/%253Fis_prefetch%253Dtrue%2526omit_cover_media%253Dtrue%2526use_sectional_payload%253Dtrue%2526timezone_offset%253D0%2526session_id%253D37e6b3d7-e615-45f3-b83a-6acb6ee6f4ab%2526include_fixed_destinations%253Dtrue","api_path":"/challenge/","hide_webview_header":true,"lock":true,"logout":false,"native_flow":true,"flow_render_type":0},"status":"fail"}'
2021-12-10 11:54:20,574 - instabot version: 0.117.0 (api) - ERROR - Request returns 400 error!
2021-12-10 11:54:20,574 - instabot version: 0.117.0 (api) - INFO - Instagram's error message: challenge_required
2021-12-10 11:54:20,574 - instabot version: 0.117.0 (api) - INFO - Instagram's error message: {}
2021-12-10 11:54:20,807 - instabot version: 0.117.0 (api) - DEBUG - POST to endpoint: notifications/badge/ returned response: <Response [400]>
2021-12-10 11:54:20,808 - instabot version: 0.117.0 (api) - DEBUG - Responsecode indicates error; response content: b'{"message":"challenge_required","challenge":{"url":"https://i.instagram.com/challenge/?next=/api/v1/notifications/badge/","api_path":"/challenge/","hide_webview_header":true,"lock":true,"logout":false,"native_flow":true,"flow_render_type":0},"status":"fail"}'
2021-12-10 11:54:20,808 - instabot version: 0.117.0 (api) - ERROR - Request returns 400 error!
2021-12-10 11:54:20,808 - instabot version: 0.117.0 (api) - INFO - Instagram's error message: challenge_required
2021-12-10 11:54:20,808 - instabot version: 0.117.0 (api) - INFO - Instagram's error message: {}
2021-12-10 11:54:21,053 - instabot version: 0.117.0 (api) - DEBUG - POST to endpoint: qp/batch_fetch/ returned response: <Response [400]>
2021-12-10 11:54:21,053 - instabot version: 0.117.0 (api) - DEBUG - Responsecode indicates error; response content: b'{"message":"challenge_required","challenge":{"url":"https://i.instagram.com/challenge/?next=/api/v1/qp/batch_fetch/","api_path":"/challenge/","hide_webview_header":true,"lock":true,"logout":false,"native_flow":true,"flow_render_type":0},"status":"fail"}'
2021-12-10 11:54:21,054 - instabot version: 0.117.0 (api) - ERROR - Request returns 400 error!
2021-12-10 11:54:21,054 - instabot version: 0.117.0 (api) - INFO - Instagram's error message: challenge_required
2021-12-10 11:54:21,054 - instabot version: 0.117.0 (api) - INFO - Instagram's error message: {}
2021-12-10 11:54:21,055 - instabot version: 0.117.0 (bot_checkpoint) - DEBUG - Loading Checkpoint file from: /Users/siddheshzantye/Desktop/Coding/Python/Reddit2Insta-Meme-Uploader/config/never_gonnagive.checkpoint
2021-12-10 11:54:27,737 - instabot version: 0.117.0 (api_photo) - ERROR - Photo Upload failed with the following response: <Response [302]>
2021-12-10 11:54:27,737 - instabot version: 0.117.0 (bot_photo) - INFO - Photo 'rnzigf735l481.jpg' is not uploaded.
2021-12-10 11:54:31,304 - instabot version: 0.117.0 (api_photo) - ERROR - Photo does not have a compatible photo aspect ratio.
2021-12-10 11:54:31,305 - instabot version: 0.117.0 (bot_photo) - INFO - Photo 'to71pjtdvk481.jpg' is not uploaded.
2021-12-10 11:54:39,600 - instabot version: 0.117.0 (api_photo) - ERROR - Photo Upload failed with the following response: <Response [302]>
2021-12-10 11:54:39,601 - instabot version: 0.117.0 (bot_photo) - INFO - Photo '2j9guvs4lj481.jpg' is not uploaded.
2021-12-10 11:54:54,143 - instabot version: 0.117.0 (api_photo) - ERROR - Photo Upload failed with the following response: <Response [302]>
2021-12-10 11:54:54,143 - instabot version: 0.117.0 (bot_photo) - INFO - Photo 'mrxzv0u7mk481.jpg' is not uploaded.
2021-12-10 11:54:57,785 - instabot version: 0.117.0 (api_photo) - ERROR - Photo Upload failed with the following response: <Response [302]>
2021-12-10 11:54:57,785 - instabot version: 0.117.0 (bot_photo) - INFO - Photo '8vjgthsz7j481.jpg' is not uploaded.
2021-12-10 11:55:01,828 - instabot version: 0.117.0 (api_photo) - ERROR - Photo does not have a compatible photo aspect ratio.
2021-12-10 11:55:01,829 - instabot version: 0.117.0 (bot_photo) - INFO - Photo '9178ewef2i481.jpg' is not uploaded.
