2021-09-08 21:32:21,339 - instabot version: 0.117.0 (bot) - INFO - Instabot version: 0.117.0 Started
2021-09-08 21:32:21,339 - instabot version: 0.117.0 (bot) - DEBUG - Bot imported from /Library/Frameworks/Python.framework/Versions/3.9/lib/python3.9/site-packages/instabot/bot/bot.py
2021-09-08 21:32:21,340 - instabot version: 0.117.0 (api_login) - INFO - Not yet logged in starting: PRE-LOGIN FLOW!
2021-09-08 21:32:21,914 - instabot version: 0.117.0 (api) - DEBUG - POST to endpoint: accounts/get_prefill_candidates/ returned response: <Response [200]>
2021-09-08 21:32:22,602 - instabot version: 0.117.0 (api) - DEBUG - POST to endpoint: qe/sync/ returned response: <Response [200]>
2021-09-08 21:32:23,151 - instabot version: 0.117.0 (api) - DEBUG - POST to endpoint: launcher/sync/ returned response: <Response [200]>
2021-09-08 21:32:23,711 - instabot version: 0.117.0 (api) - DEBUG - POST to endpoint: accounts/contact_point_prefill/ returned response: <Response [200]>
2021-09-08 21:32:25,476 - instabot version: 0.117.0 (api) - DEBUG - POST to endpoint: accounts/login/ returned response: <Response [200]>
2021-09-08 21:32:25,555 - instabot version: 0.117.0 (api) - INFO - Logged-in successfully as 'never_gonnagive'!
2021-09-08 21:32:25,556 - instabot version: 0.117.0 (api_login) - INFO - LOGIN FLOW! Just logged-in: True
2021-09-08 21:32:26,294 - instabot version: 0.117.0 (api) - DEBUG - POST to endpoint: qe/sync/ returned response: <Response [200]>
2021-09-08 21:32:26,895 - instabot version: 0.117.0 (api) - DEBUG - POST to endpoint: launcher/sync/ returned response: <Response [200]>
2021-09-08 21:32:27,452 - instabot version: 0.117.0 (api) - DEBUG - GET to endpoint: zr/token/result/?device_id=android-f3b834f4e29269d3&token_hash=&custom_device_id=android-f3b834f4e29269d3&fetch_reason=token_expired returned response: <Response [200]>
2021-09-08 21:32:28,018 - instabot version: 0.117.0 (api) - DEBUG - GET to endpoint: multiple_accounts/get_account_family/ returned response: <Response [200]>
2021-09-08 21:32:28,731 - instabot version: 0.117.0 (api) - DEBUG - POST to endpoint: qe/sync/ returned response: <Response [200]>
2021-09-08 21:32:29,738 - instabot version: 0.117.0 (api) - DEBUG - GET to endpoint: igtv/browse_feed/?prefetch=1 returned response: <Response [200]>
2021-09-08 21:32:30,328 - instabot version: 0.117.0 (api) - DEBUG - POST to endpoint: creatives/ar_class/ returned response: <Response [200]>
2021-09-08 21:32:31,179 - instabot version: 0.117.0 (api) - DEBUG - POST to endpoint: feed/reels_tray/ returned response: <Response [200]>
2021-09-08 21:32:33,300 - instabot version: 0.117.0 (api) - DEBUG - POST to endpoint: feed/timeline/ returned response: <Response [200]>
2021-09-08 21:32:33,862 - instabot version: 0.117.0 (api) - DEBUG - GET to endpoint: media/blocked/ returned response: <Response [200]>
2021-09-08 21:32:35,086 - instabot version: 0.117.0 (api) - DEBUG - GET to endpoint: news/inbox/ returned response: <Response [200]>
2021-09-08 21:32:35,663 - instabot version: 0.117.0 (api) - DEBUG - GET to endpoint: loom/fetch_config/ returned response: <Response [200]>
2021-09-08 21:32:36,397 - instabot version: 0.117.0 (api) - DEBUG - GET to endpoint: scores/bootstrap/users/?surfaces=["autocomplete_user_list","coefficient_besties_list_ranking","coefficient_rank_recipient_user_suggestion","coefficient_ios_section_test_bootstrap_ranking","coefficient_direct_recipients_ranking_variant_2"] returned response: <Response [200]>
2021-09-08 21:32:36,996 - instabot version: 0.117.0 (api) - DEBUG - GET to endpoint: business/eligibility/get_monetization_products_eligibility_data/?product_types=branded_content returned response: <Response [200]>
2021-09-08 21:32:37,592 - instabot version: 0.117.0 (api) - DEBUG - GET to endpoint: business/branded_content/should_require_professional_account/ returned response: <Response [200]>
2021-09-08 21:32:38,162 - instabot version: 0.117.0 (api) - DEBUG - GET to endpoint: linked_accounts/get_linkage_status/ returned response: <Response [200]>
2021-09-08 21:32:38,736 - instabot version: 0.117.0 (api) - DEBUG - GET to endpoint: locations/request_country/ returned response: <Response [200]>
2021-09-08 21:32:39,298 - instabot version: 0.117.0 (api) - DEBUG - GET to endpoint: qp/get_cooldowns/?signed_body=signed_body=4b9c516a5410a3bc128e09c6104a7f042146b9c2023870560c63a43a7f66781c.4&ig_sig_key_version=4&ig_sig_key_version=4 returned response: <Response [200]>
2021-09-08 21:32:39,874 - instabot version: 0.117.0 (api) - DEBUG - GET to endpoint: users/arlink_download_info/?version_override=2.2.1 returned response: <Response [200]>
2021-09-08 21:32:41,267 - instabot version: 0.117.0 (api) - DEBUG - GET to endpoint: users/44906261598/info/ returned response: <Response [200]>
2021-09-08 21:32:42,417 - instabot version: 0.117.0 (api) - DEBUG - GET to endpoint: direct_v2/get_presence/ returned response: <Response [200]>
2021-09-08 21:32:43,794 - instabot version: 0.117.0 (api) - DEBUG - GET to endpoint: direct_v2/inbox/?visual_message_return_type=unseen&thread_message_limit=10&persistentBadging=true&limit=20 returned response: <Response [200]>
2021-09-08 21:32:44,401 - instabot version: 0.117.0 (api) - DEBUG - GET to endpoint: direct_v2/inbox/?visual_message_return_type=unseen&persistentBadging=true&limit=0 returned response: <Response [200]>
2021-09-08 21:32:46,770 - instabot version: 0.117.0 (api) - DEBUG - GET to endpoint: discover/topical_explore/?is_prefetch=true&omit_cover_media=true&use_sectional_payload=true&timezone_offset=0&session_id=aadebd61-5f6b-4fa1-95c6-cbafd8b07d28&include_fixed_destinations=true returned response: <Response [200]>
2021-09-08 21:32:47,358 - instabot version: 0.117.0 (api) - DEBUG - POST to endpoint: notifications/badge/ returned response: <Response [200]>
2021-09-08 21:32:48,327 - instabot version: 0.117.0 (api) - DEBUG - POST to endpoint: qp/batch_fetch/ returned response: <Response [200]>
2021-09-08 21:32:48,445 - instabot version: 0.117.0 (bot_checkpoint) - DEBUG - Loading Checkpoint file from: /Users/sid/Desktop/Coding/VS Code/Python/Reddit_Meme-Insta_Automator/config/never_gonnagive.checkpoint
2021-09-08 21:32:52,717 - instabot version: 0.117.0 (api_photo) - ERROR - Photo Upload failed with the following response: <Response [400]>
2021-09-08 21:32:52,756 - instabot version: 0.117.0 (bot_photo) - INFO - Photo 'image.png' is not uploaded.
2021-09-08 21:32:52,756 - instabot version: 0.117.0 (bot_checkpoint) - DEBUG - Saving Checkpoint file to: /Users/sid/Desktop/Coding/VS Code/Python/Reddit_Meme-Insta_Automator/config/never_gonnagive.checkpoint
2021-09-08 21:32:53,069 - instabot version: 0.117.0 (bot) - INFO - Total requests: 31
